[0.005s] Invoking command in '/home/louise/Development/arduinobot_ws/build/arduinobot_description': CMAKE_PREFIX_PATH=/opt/ros/humble /usr/bin/cmake /home/louise/Development/arduinobot_ws/src/arduinobot_description -DCMAKE_INSTALL_PREFIX=/home/louise/Development/arduinobot_ws/install/arduinobot_description
[0.044s] -- The C compiler identification is GNU 11.4.0
[0.084s] -- The CXX compiler identification is GNU 11.4.0
[0.088s] -- Detecting C compiler ABI info
[0.139s] -- Detecting C compiler ABI info - done
[0.147s] -- Check for working C compiler: /usr/bin/cc - skipped
[0.147s] -- Detecting C compile features
[0.147s] -- Detecting C compile features - done
[0.149s] -- Detecting CXX compiler ABI info
[0.205s] -- Detecting CXX compiler ABI info - done
[0.211s] -- Check for working CXX compiler: /usr/bin/c++ - skipped
[0.211s] -- Detecting CXX compile features
[0.212s] -- Detecting CXX compile features - done
[0.214s] -- Found ament_cmake: 1.3.11 (/opt/ros/humble/share/ament_cmake/cmake)
[0.469s] -- Found Python3: /usr/bin/python3 (found version "3.10.12") found components: Interpreter 
[0.539s] -- Found ament_lint_auto: 0.12.12 (/opt/ros/humble/share/ament_lint_auto/cmake)
[0.592s] -- Added test 'lint_cmake' to check CMake code style
[0.593s] -- Added test 'xmllint' to check XML markup files
[0.594s] -- Configuring done
[0.595s] -- Generating done
[0.597s] -- Build files have been written to: /home/louise/Development/arduinobot_ws/build/arduinobot_description
[0.600s] Invoked command in '/home/louise/Development/arduinobot_ws/build/arduinobot_description' returned '0': CMAKE_PREFIX_PATH=/opt/ros/humble /usr/bin/cmake /home/louise/Development/arduinobot_ws/src/arduinobot_description -DCMAKE_INSTALL_PREFIX=/home/louise/Development/arduinobot_ws/install/arduinobot_description
[0.601s] Invoking command in '/home/louise/Development/arduinobot_ws/build/arduinobot_description': CMAKE_PREFIX_PATH=/opt/ros/humble /usr/bin/cmake --build /home/louise/Development/arduinobot_ws/build/arduinobot_description -- -j8 -l8
[0.631s] Invoked command in '/home/louise/Development/arduinobot_ws/build/arduinobot_description' returned '0': CMAKE_PREFIX_PATH=/opt/ros/humble /usr/bin/cmake --build /home/louise/Development/arduinobot_ws/build/arduinobot_description -- -j8 -l8
[0.637s] Invoking command in '/home/louise/Development/arduinobot_ws/build/arduinobot_description': CMAKE_PREFIX_PATH=/opt/ros/humble /usr/bin/cmake --install /home/louise/Development/arduinobot_ws/build/arduinobot_description
[0.642s] -- Install configuration: ""
[0.642s] -- Installing: /home/louise/Development/arduinobot_ws/install/arduinobot_description/share/ament_index/resource_index/package_run_dependencies/arduinobot_description
[0.642s] -- Installing: /home/louise/Development/arduinobot_ws/install/arduinobot_description/share/ament_index/resource_index/parent_prefix_path/arduinobot_description
[0.642s] -- Installing: /home/louise/Development/arduinobot_ws/install/arduinobot_description/share/arduinobot_description/environment/ament_prefix_path.sh
[0.642s] -- Installing: /home/louise/Development/arduinobot_ws/install/arduinobot_description/share/arduinobot_description/environment/ament_prefix_path.dsv
[0.642s] -- Installing: /home/louise/Development/arduinobot_ws/install/arduinobot_description/share/arduinobot_description/environment/path.sh
[0.642s] -- Installing: /home/louise/Development/arduinobot_ws/install/arduinobot_description/share/arduinobot_description/environment/path.dsv
[0.642s] -- Installing: /home/louise/Development/arduinobot_ws/install/arduinobot_description/share/arduinobot_description/local_setup.bash
[0.643s] -- Installing: /home/louise/Development/arduinobot_ws/install/arduinobot_description/share/arduinobot_description/local_setup.sh
[0.643s] -- Installing: /home/louise/Development/arduinobot_ws/install/arduinobot_description/share/arduinobot_description/local_setup.zsh
[0.643s] -- Installing: /home/louise/Development/arduinobot_ws/install/arduinobot_description/share/arduinobot_description/local_setup.dsv
[0.643s] -- Installing: /home/louise/Development/arduinobot_ws/install/arduinobot_description/share/arduinobot_description/package.dsv
[0.643s] -- Installing: /home/louise/Development/arduinobot_ws/install/arduinobot_description/share/ament_index/resource_index/packages/arduinobot_description
[0.643s] -- Installing: /home/louise/Development/arduinobot_ws/install/arduinobot_description/share/arduinobot_description/cmake/arduinobot_descriptionConfig.cmake
[0.643s] -- Installing: /home/louise/Development/arduinobot_ws/install/arduinobot_description/share/arduinobot_description/cmake/arduinobot_descriptionConfig-version.cmake
[0.643s] -- Installing: /home/louise/Development/arduinobot_ws/install/arduinobot_description/share/arduinobot_description/package.xml
[0.645s] Invoked command in '/home/louise/Development/arduinobot_ws/build/arduinobot_description' returned '0': CMAKE_PREFIX_PATH=/opt/ros/humble /usr/bin/cmake --install /home/louise/Development/arduinobot_ws/build/arduinobot_description
