[0.064s] DEBUG:colcon:Command line arguments: ['/usr/bin/colcon', 'list', '-p', '--base-paths', '/home/louise/Development/arduinobot_ws']
[0.065s] DEBUG:colcon:Parsed command line arguments: Namespace(log_base=None, log_level=None, verb_name='list', build_base='build', ignore_user_meta=False, metas=['./colcon.meta'], base_paths=['/home/louise/Development/arduinobot_ws'], packages_ignore=None, packages_ignore_regex=None, paths=None, packages_up_to=None, packages_up_to_regex=None, packages_above=None, packages_above_and_dependencies=None, packages_above_depth=None, packages_select_by_dep=None, packages_skip_by_dep=None, packages_skip_up_to=None, packages_select_build_failed=False, packages_skip_build_finished=False, packages_select_test_failures=False, packages_skip_test_passed=False, packages_select=None, packages_skip=None, packages_select_regex=None, packages_skip_regex=None, packages_start=None, packages_end=None, allow_overriding=[], topological_order=False, names_only=False, paths_only=True, topological_graph=False, topological_graph_dot=False, topological_graph_density=False, topological_graph_legend=False, topological_graph_dot_cluster=False, topological_graph_dot_include_skipped=False, verb_parser=<colcon_defaults.argument_parser.defaults.DefaultArgumentsDecorator object at 0x742e19a52230>, verb_extension=<colcon_package_information.verb.list.ListVerb object at 0x742e19b72d70>, main=<bound method ListVerb.main of <colcon_package_information.verb.list.ListVerb object at 0x742e19b72d70>>)
[0.102s] Level 1:colcon.colcon_core.package_discovery:discover_packages(colcon_meta) check parameters
[0.102s] Level 1:colcon.colcon_core.package_discovery:discover_packages(recursive) check parameters
[0.102s] Level 1:colcon.colcon_core.package_discovery:discover_packages(ignore) check parameters
[0.102s] Level 1:colcon.colcon_core.package_discovery:discover_packages(path) check parameters
[0.102s] Level 1:colcon.colcon_core.package_discovery:discover_packages(recursive) discover
[0.102s] INFO:colcon.colcon_core.package_discovery:Crawling recursively for packages in '/home/louise/Development/arduinobot_ws'
[0.102s] Level 1:colcon.colcon_core.package_identification:_identify(/home/louise/Development/arduinobot_ws) by extensions ['ignore', 'ignore_ament_install']
[0.102s] Level 1:colcon.colcon_core.package_identification:_identify(/home/louise/Development/arduinobot_ws) by extension 'ignore'
[0.102s] Level 1:colcon.colcon_core.package_identification:_identify(/home/louise/Development/arduinobot_ws) by extension 'ignore_ament_install'
[0.102s] Level 1:colcon.colcon_core.package_identification:_identify(/home/louise/Development/arduinobot_ws) by extensions ['colcon_pkg']
[0.102s] Level 1:colcon.colcon_core.package_identification:_identify(/home/louise/Development/arduinobot_ws) by extension 'colcon_pkg'
[0.102s] Level 1:colcon.colcon_core.package_identification:_identify(/home/louise/Development/arduinobot_ws) by extensions ['colcon_meta']
[0.102s] Level 1:colcon.colcon_core.package_identification:_identify(/home/louise/Development/arduinobot_ws) by extension 'colcon_meta'
[0.102s] Level 1:colcon.colcon_core.package_identification:_identify(/home/louise/Development/arduinobot_ws) by extensions ['ros']
[0.102s] Level 1:colcon.colcon_core.package_identification:_identify(/home/louise/Development/arduinobot_ws) by extension 'ros'
[0.105s] Level 1:colcon.colcon_core.package_identification:_identify(/home/louise/Development/arduinobot_ws) by extensions ['cmake', 'python']
[0.105s] Level 1:colcon.colcon_core.package_identification:_identify(/home/louise/Development/arduinobot_ws) by extension 'cmake'
[0.105s] Level 1:colcon.colcon_core.package_identification:_identify(/home/louise/Development/arduinobot_ws) by extension 'python'
[0.105s] Level 1:colcon.colcon_core.package_identification:_identify(/home/louise/Development/arduinobot_ws) by extensions ['python_setup_py']
[0.105s] Level 1:colcon.colcon_core.package_identification:_identify(/home/louise/Development/arduinobot_ws) by extension 'python_setup_py'
[0.105s] Level 1:colcon.colcon_core.package_identification:_identify(/home/louise/Development/arduinobot_ws/build) by extensions ['ignore', 'ignore_ament_install']
[0.105s] Level 1:colcon.colcon_core.package_identification:_identify(/home/louise/Development/arduinobot_ws/build) by extension 'ignore'
[0.105s] Level 1:colcon.colcon_core.package_identification:_identify(/home/louise/Development/arduinobot_ws/build) ignored
[0.105s] Level 1:colcon.colcon_core.package_identification:_identify(/home/louise/Development/arduinobot_ws/install) by extensions ['ignore', 'ignore_ament_install']
[0.105s] Level 1:colcon.colcon_core.package_identification:_identify(/home/louise/Development/arduinobot_ws/install) by extension 'ignore'
[0.105s] Level 1:colcon.colcon_core.package_identification:_identify(/home/louise/Development/arduinobot_ws/install) ignored
[0.105s] Level 1:colcon.colcon_core.package_identification:_identify(/home/louise/Development/arduinobot_ws/learning) by extensions ['ignore', 'ignore_ament_install']
[0.106s] Level 1:colcon.colcon_core.package_identification:_identify(/home/louise/Development/arduinobot_ws/learning) by extension 'ignore'
[0.106s] Level 1:colcon.colcon_core.package_identification:_identify(/home/louise/Development/arduinobot_ws/learning) by extension 'ignore_ament_install'
[0.106s] Level 1:colcon.colcon_core.package_identification:_identify(/home/louise/Development/arduinobot_ws/learning) by extensions ['colcon_pkg']
[0.106s] Level 1:colcon.colcon_core.package_identification:_identify(/home/louise/Development/arduinobot_ws/learning) by extension 'colcon_pkg'
[0.106s] Level 1:colcon.colcon_core.package_identification:_identify(/home/louise/Development/arduinobot_ws/learning) by extensions ['colcon_meta']
[0.106s] Level 1:colcon.colcon_core.package_identification:_identify(/home/louise/Development/arduinobot_ws/learning) by extension 'colcon_meta'
[0.106s] Level 1:colcon.colcon_core.package_identification:_identify(/home/louise/Development/arduinobot_ws/learning) by extensions ['ros']
[0.106s] Level 1:colcon.colcon_core.package_identification:_identify(/home/louise/Development/arduinobot_ws/learning) by extension 'ros'
[0.106s] Level 1:colcon.colcon_core.package_identification:_identify(/home/louise/Development/arduinobot_ws/learning) by extensions ['cmake', 'python']
[0.106s] Level 1:colcon.colcon_core.package_identification:_identify(/home/louise/Development/arduinobot_ws/learning) by extension 'cmake'
[0.106s] Level 1:colcon.colcon_core.package_identification:_identify(/home/louise/Development/arduinobot_ws/learning) by extension 'python'
[0.106s] Level 1:colcon.colcon_core.package_identification:_identify(/home/louise/Development/arduinobot_ws/learning) by extensions ['python_setup_py']
[0.106s] Level 1:colcon.colcon_core.package_identification:_identify(/home/louise/Development/arduinobot_ws/learning) by extension 'python_setup_py'
[0.106s] Level 1:colcon.colcon_core.package_identification:_identify(/home/louise/Development/arduinobot_ws/learning/resources) by extensions ['ignore', 'ignore_ament_install']
[0.106s] Level 1:colcon.colcon_core.package_identification:_identify(/home/louise/Development/arduinobot_ws/learning/resources) by extension 'ignore'
[0.106s] Level 1:colcon.colcon_core.package_identification:_identify(/home/louise/Development/arduinobot_ws/learning/resources) by extension 'ignore_ament_install'
[0.106s] Level 1:colcon.colcon_core.package_identification:_identify(/home/louise/Development/arduinobot_ws/learning/resources) by extensions ['colcon_pkg']
[0.106s] Level 1:colcon.colcon_core.package_identification:_identify(/home/louise/Development/arduinobot_ws/learning/resources) by extension 'colcon_pkg'
[0.106s] Level 1:colcon.colcon_core.package_identification:_identify(/home/louise/Development/arduinobot_ws/learning/resources) by extensions ['colcon_meta']
[0.106s] Level 1:colcon.colcon_core.package_identification:_identify(/home/louise/Development/arduinobot_ws/learning/resources) by extension 'colcon_meta'
[0.106s] Level 1:colcon.colcon_core.package_identification:_identify(/home/louise/Development/arduinobot_ws/learning/resources) by extensions ['ros']
[0.106s] Level 1:colcon.colcon_core.package_identification:_identify(/home/louise/Development/arduinobot_ws/learning/resources) by extension 'ros'
[0.106s] Level 1:colcon.colcon_core.package_identification:_identify(/home/louise/Development/arduinobot_ws/learning/resources) by extensions ['cmake', 'python']
[0.106s] Level 1:colcon.colcon_core.package_identification:_identify(/home/louise/Development/arduinobot_ws/learning/resources) by extension 'cmake'
[0.106s] Level 1:colcon.colcon_core.package_identification:_identify(/home/louise/Development/arduinobot_ws/learning/resources) by extension 'python'
[0.106s] Level 1:colcon.colcon_core.package_identification:_identify(/home/louise/Development/arduinobot_ws/learning/resources) by extensions ['python_setup_py']
[0.106s] Level 1:colcon.colcon_core.package_identification:_identify(/home/louise/Development/arduinobot_ws/learning/resources) by extension 'python_setup_py'
[0.106s] Level 1:colcon.colcon_core.package_identification:_identify(/home/louise/Development/arduinobot_ws/learning/resources/arduinobot_meshes.zip) by extensions ['ignore', 'ignore_ament_install']
[0.106s] Level 1:colcon.colcon_core.package_identification:_identify(/home/louise/Development/arduinobot_ws/learning/resources/arduinobot_meshes.zip) by extension 'ignore'
[0.106s] Level 1:colcon.colcon_core.package_identification:_identify(/home/louise/Development/arduinobot_ws/learning/resources/arduinobot_meshes.zip) by extension 'ignore_ament_install'
[0.107s] Level 1:colcon.colcon_core.package_identification:_identify(/home/louise/Development/arduinobot_ws/learning/resources/arduinobot_meshes.zip) by extensions ['colcon_pkg']
[0.107s] Level 1:colcon.colcon_core.package_identification:_identify(/home/louise/Development/arduinobot_ws/learning/resources/arduinobot_meshes.zip) by extension 'colcon_pkg'
[0.107s] Level 1:colcon.colcon_core.package_identification:_identify(/home/louise/Development/arduinobot_ws/learning/resources/arduinobot_meshes.zip) by extensions ['colcon_meta']
[0.107s] Level 1:colcon.colcon_core.package_identification:_identify(/home/louise/Development/arduinobot_ws/learning/resources/arduinobot_meshes.zip) by extension 'colcon_meta'
[0.107s] Level 1:colcon.colcon_core.package_identification:_identify(/home/louise/Development/arduinobot_ws/learning/resources/arduinobot_meshes.zip) by extensions ['ros']
[0.107s] Level 1:colcon.colcon_core.package_identification:_identify(/home/louise/Development/arduinobot_ws/learning/resources/arduinobot_meshes.zip) by extension 'ros'
[0.107s] Level 1:colcon.colcon_core.package_identification:_identify(/home/louise/Development/arduinobot_ws/learning/resources/arduinobot_meshes.zip) by extensions ['cmake', 'python']
[0.107s] Level 1:colcon.colcon_core.package_identification:_identify(/home/louise/Development/arduinobot_ws/learning/resources/arduinobot_meshes.zip) by extension 'cmake'
[0.107s] Level 1:colcon.colcon_core.package_identification:_identify(/home/louise/Development/arduinobot_ws/learning/resources/arduinobot_meshes.zip) by extension 'python'
[0.107s] Level 1:colcon.colcon_core.package_identification:_identify(/home/louise/Development/arduinobot_ws/learning/resources/arduinobot_meshes.zip) by extensions ['python_setup_py']
[0.107s] Level 1:colcon.colcon_core.package_identification:_identify(/home/louise/Development/arduinobot_ws/learning/resources/arduinobot_meshes.zip) by extension 'python_setup_py'
[0.107s] Level 1:colcon.colcon_core.package_identification:_identify(/home/louise/Development/arduinobot_ws/learning/resources/arduinobot_meshes.zip/STL Gazebo) by extensions ['ignore', 'ignore_ament_install']
[0.107s] Level 1:colcon.colcon_core.package_identification:_identify(/home/louise/Development/arduinobot_ws/learning/resources/arduinobot_meshes.zip/STL Gazebo) by extension 'ignore'
[0.107s] Level 1:colcon.colcon_core.package_identification:_identify(/home/louise/Development/arduinobot_ws/learning/resources/arduinobot_meshes.zip/STL Gazebo) by extension 'ignore_ament_install'
[0.107s] Level 1:colcon.colcon_core.package_identification:_identify(/home/louise/Development/arduinobot_ws/learning/resources/arduinobot_meshes.zip/STL Gazebo) by extensions ['colcon_pkg']
[0.107s] Level 1:colcon.colcon_core.package_identification:_identify(/home/louise/Development/arduinobot_ws/learning/resources/arduinobot_meshes.zip/STL Gazebo) by extension 'colcon_pkg'
[0.107s] Level 1:colcon.colcon_core.package_identification:_identify(/home/louise/Development/arduinobot_ws/learning/resources/arduinobot_meshes.zip/STL Gazebo) by extensions ['colcon_meta']
[0.107s] Level 1:colcon.colcon_core.package_identification:_identify(/home/louise/Development/arduinobot_ws/learning/resources/arduinobot_meshes.zip/STL Gazebo) by extension 'colcon_meta'
[0.107s] Level 1:colcon.colcon_core.package_identification:_identify(/home/louise/Development/arduinobot_ws/learning/resources/arduinobot_meshes.zip/STL Gazebo) by extensions ['ros']
[0.107s] Level 1:colcon.colcon_core.package_identification:_identify(/home/louise/Development/arduinobot_ws/learning/resources/arduinobot_meshes.zip/STL Gazebo) by extension 'ros'
[0.107s] Level 1:colcon.colcon_core.package_identification:_identify(/home/louise/Development/arduinobot_ws/learning/resources/arduinobot_meshes.zip/STL Gazebo) by extensions ['cmake', 'python']
[0.107s] Level 1:colcon.colcon_core.package_identification:_identify(/home/louise/Development/arduinobot_ws/learning/resources/arduinobot_meshes.zip/STL Gazebo) by extension 'cmake'
[0.107s] Level 1:colcon.colcon_core.package_identification:_identify(/home/louise/Development/arduinobot_ws/learning/resources/arduinobot_meshes.zip/STL Gazebo) by extension 'python'
[0.107s] Level 1:colcon.colcon_core.package_identification:_identify(/home/louise/Development/arduinobot_ws/learning/resources/arduinobot_meshes.zip/STL Gazebo) by extensions ['python_setup_py']
[0.107s] Level 1:colcon.colcon_core.package_identification:_identify(/home/louise/Development/arduinobot_ws/learning/resources/arduinobot_meshes.zip/STL Gazebo) by extension 'python_setup_py'
[0.107s] Level 1:colcon.colcon_core.package_identification:_identify(/home/louise/Development/arduinobot_ws/log) by extensions ['ignore', 'ignore_ament_install']
[0.107s] Level 1:colcon.colcon_core.package_identification:_identify(/home/louise/Development/arduinobot_ws/log) by extension 'ignore'
[0.107s] Level 1:colcon.colcon_core.package_identification:_identify(/home/louise/Development/arduinobot_ws/log) ignored
[0.107s] Level 1:colcon.colcon_core.package_identification:_identify(/home/louise/Development/arduinobot_ws/src) by extensions ['ignore', 'ignore_ament_install']
[0.108s] Level 1:colcon.colcon_core.package_identification:_identify(/home/louise/Development/arduinobot_ws/src) by extension 'ignore'
[0.108s] Level 1:colcon.colcon_core.package_identification:_identify(/home/louise/Development/arduinobot_ws/src) by extension 'ignore_ament_install'
[0.108s] Level 1:colcon.colcon_core.package_identification:_identify(/home/louise/Development/arduinobot_ws/src) by extensions ['colcon_pkg']
[0.108s] Level 1:colcon.colcon_core.package_identification:_identify(/home/louise/Development/arduinobot_ws/src) by extension 'colcon_pkg'
[0.108s] Level 1:colcon.colcon_core.package_identification:_identify(/home/louise/Development/arduinobot_ws/src) by extensions ['colcon_meta']
[0.108s] Level 1:colcon.colcon_core.package_identification:_identify(/home/louise/Development/arduinobot_ws/src) by extension 'colcon_meta'
[0.108s] Level 1:colcon.colcon_core.package_identification:_identify(/home/louise/Development/arduinobot_ws/src) by extensions ['ros']
[0.108s] Level 1:colcon.colcon_core.package_identification:_identify(/home/louise/Development/arduinobot_ws/src) by extension 'ros'
[0.108s] Level 1:colcon.colcon_core.package_identification:_identify(/home/louise/Development/arduinobot_ws/src) by extensions ['cmake', 'python']
[0.108s] Level 1:colcon.colcon_core.package_identification:_identify(/home/louise/Development/arduinobot_ws/src) by extension 'cmake'
[0.108s] Level 1:colcon.colcon_core.package_identification:_identify(/home/louise/Development/arduinobot_ws/src) by extension 'python'
[0.108s] Level 1:colcon.colcon_core.package_identification:_identify(/home/louise/Development/arduinobot_ws/src) by extensions ['python_setup_py']
[0.108s] Level 1:colcon.colcon_core.package_identification:_identify(/home/louise/Development/arduinobot_ws/src) by extension 'python_setup_py'
[0.108s] Level 1:colcon.colcon_core.package_identification:_identify(/home/louise/Development/arduinobot_ws/src/arduinobot_description) by extensions ['ignore', 'ignore_ament_install']
[0.108s] Level 1:colcon.colcon_core.package_identification:_identify(/home/louise/Development/arduinobot_ws/src/arduinobot_description) by extension 'ignore'
[0.108s] Level 1:colcon.colcon_core.package_identification:_identify(/home/louise/Development/arduinobot_ws/src/arduinobot_description) by extension 'ignore_ament_install'
[0.108s] Level 1:colcon.colcon_core.package_identification:_identify(/home/louise/Development/arduinobot_ws/src/arduinobot_description) by extensions ['colcon_pkg']
[0.108s] Level 1:colcon.colcon_core.package_identification:_identify(/home/louise/Development/arduinobot_ws/src/arduinobot_description) by extension 'colcon_pkg'
[0.108s] Level 1:colcon.colcon_core.package_identification:_identify(/home/louise/Development/arduinobot_ws/src/arduinobot_description) by extensions ['colcon_meta']
[0.108s] Level 1:colcon.colcon_core.package_identification:_identify(/home/louise/Development/arduinobot_ws/src/arduinobot_description) by extension 'colcon_meta'
[0.108s] Level 1:colcon.colcon_core.package_identification:_identify(/home/louise/Development/arduinobot_ws/src/arduinobot_description) by extensions ['ros']
[0.108s] Level 1:colcon.colcon_core.package_identification:_identify(/home/louise/Development/arduinobot_ws/src/arduinobot_description) by extension 'ros'
[0.110s] DEBUG:colcon.colcon_core.package_identification:Package '/home/louise/Development/arduinobot_ws/src/arduinobot_description' with type 'ros.ament_cmake' and name 'arduinobot_description'
[0.110s] Level 1:colcon.colcon_core.package_discovery:discover_packages(recursive) using defaults
