-- Found ament_cmake: 1.3.11 (/opt/ros/humble/share/ament_cmake/cmake)
-- Found rclcpp: 16.0.12 (/opt/ros/humble/share/rclcpp/cmake)
-- Found rosidl_generator_c: 3.1.6 (/opt/ros/humble/share/rosidl_generator_c/cmake)
-- Found rosidl_adapter: 3.1.6 (/opt/ros/humble/share/rosidl_adapter/cmake)
-- Found rosidl_generator_cpp: 3.1.6 (/opt/ros/humble/share/rosidl_generator_cpp/cmake)
-- Using all available rosidl_typesupport_c: rosidl_typesupport_fastrtps_c;rosidl_typesupport_introspection_c
-- Using all available rosidl_typesupport_cpp: rosidl_typesupport_fastrtps_cpp;rosidl_typesupport_introspection_cpp
-- Found rmw_implementation_cmake: 6.1.2 (/opt/ros/humble/share/rmw_implementation_cmake/cmake)
-- Found rmw_fastrtps_cpp: 6.2.7 (/opt/ros/humble/share/rmw_fastrtps_cpp/cmake)
-- Using RMW implementation 'rmw_fastrtps_cpp' as default
-- Found ament_lint_auto: 0.12.12 (/opt/ros/humble/share/ament_lint_auto/cmake)
-- Added test 'cppcheck' to perform static code analysis on C / C++ code
-- Configured cppcheck include dirs: 
-- Configured cppcheck exclude dirs and/or files: 
-- Added test 'flake8' to check Python code syntax and style conventions
-- Added test 'lint_cmake' to check CMake code style
-- Added test 'pep257' to check Python code against some of the docstring style conventions in PEP 257
-- Added test 'uncrustify' to check C / C++ code style
-- Configured uncrustify additional arguments: 
-- Added test 'xmllint' to check XML markup files
-- Configuring done
-- Generating done
-- Build files have been written to: /home/louise/Development/arduinobot_ws/build/examples
[ 50%] [32mBuilding CXX object CMakeFiles/simple_parameter.dir/src/simple_parameter.cpp.o[0m
[100%] [32m[1mLinking CXX executable simple_parameter[0m
[100%] Built target simple_parameter
-- Install configuration: ""
-- Installing: /home/louise/Development/arduinobot_ws/install/examples/lib/examples/simple_parameter
-- Set runtime path of "/home/louise/Development/arduinobot_ws/install/examples/lib/examples/simple_parameter" to ""
-- Installing: /home/louise/Development/arduinobot_ws/install/examples/share/ament_index/resource_index/package_run_dependencies/examples
-- Installing: /home/louise/Development/arduinobot_ws/install/examples/share/ament_index/resource_index/parent_prefix_path/examples
-- Installing: /home/louise/Development/arduinobot_ws/install/examples/share/examples/environment/ament_prefix_path.sh
-- Installing: /home/louise/Development/arduinobot_ws/install/examples/share/examples/environment/ament_prefix_path.dsv
-- Installing: /home/louise/Development/arduinobot_ws/install/examples/share/examples/environment/path.sh
-- Installing: /home/louise/Development/arduinobot_ws/install/examples/share/examples/environment/path.dsv
-- Installing: /home/louise/Development/arduinobot_ws/install/examples/share/examples/local_setup.bash
-- Installing: /home/louise/Development/arduinobot_ws/install/examples/share/examples/local_setup.sh
-- Installing: /home/louise/Development/arduinobot_ws/install/examples/share/examples/local_setup.zsh
-- Installing: /home/louise/Development/arduinobot_ws/install/examples/share/examples/local_setup.dsv
-- Installing: /home/louise/Development/arduinobot_ws/install/examples/share/examples/package.dsv
-- Installing: /home/louise/Development/arduinobot_ws/install/examples/share/ament_index/resource_index/packages/examples
-- Installing: /home/louise/Development/arduinobot_ws/install/examples/share/examples/cmake/examplesConfig.cmake
-- Installing: /home/louise/Development/arduinobot_ws/install/examples/share/examples/cmake/examplesConfig-version.cmake
-- Installing: /home/louise/Development/arduinobot_ws/install/examples/share/examples/package.xml
