[0.007s] Invoking command in '/home/louise/Development/arduinobot_ws/build/examples': CMAKE_PREFIX_PATH=/opt/ros/humble /usr/bin/cmake /home/louise/Development/arduinobot_ws/src/examples -DCMAKE_INSTALL_PREFIX=/home/louise/Development/arduinobot_ws/install/examples
[0.014s] -- Found ament_cmake: 1.3.11 (/opt/ros/humble/share/ament_cmake/cmake)
[0.101s] -- Found rclcpp: 16.0.12 (/opt/ros/humble/share/rclcpp/cmake)
[0.118s] -- Found rosidl_generator_c: 3.1.6 (/opt/ros/humble/share/rosidl_generator_c/cmake)
[0.120s] -- Found rosidl_adapter: 3.1.6 (/opt/ros/humble/share/rosidl_adapter/cmake)
[0.123s] -- Found rosidl_generator_cpp: 3.1.6 (/opt/ros/humble/share/rosidl_generator_cpp/cmake)
[0.129s] -- Using all available rosidl_typesupport_c: rosidl_typesupport_fastrtps_c;rosidl_typesupport_introspection_c
[0.136s] -- Using all available rosidl_typesupport_cpp: rosidl_typesupport_fastrtps_cpp;rosidl_typesupport_introspection_cpp
[0.155s] -- Found rmw_implementation_cmake: 6.1.2 (/opt/ros/humble/share/rmw_implementation_cmake/cmake)
[0.156s] -- Found rmw_fastrtps_cpp: 6.2.7 (/opt/ros/humble/share/rmw_fastrtps_cpp/cmake)
[0.227s] -- Using RMW implementation 'rmw_fastrtps_cpp' as default
[0.261s] -- Found ament_lint_auto: 0.12.12 (/opt/ros/humble/share/ament_lint_auto/cmake)
[0.314s] -- Added test 'cppcheck' to perform static code analysis on C / C++ code
[0.314s] -- Configured cppcheck include dirs: 
[0.314s] -- Configured cppcheck exclude dirs and/or files: 
[0.315s] -- Added test 'flake8' to check Python code syntax and style conventions
[0.316s] -- Added test 'lint_cmake' to check CMake code style
[0.317s] -- Added test 'pep257' to check Python code against some of the docstring style conventions in PEP 257
[0.321s] -- Added test 'uncrustify' to check C / C++ code style
[0.321s] -- Configured uncrustify additional arguments: 
[0.322s] -- Added test 'xmllint' to check XML markup files
[0.323s] -- Configuring done
[0.329s] -- Generating done
[0.331s] -- Build files have been written to: /home/louise/Development/arduinobot_ws/build/examples
[0.337s] Invoked command in '/home/louise/Development/arduinobot_ws/build/examples' returned '0': CMAKE_PREFIX_PATH=/opt/ros/humble /usr/bin/cmake /home/louise/Development/arduinobot_ws/src/examples -DCMAKE_INSTALL_PREFIX=/home/louise/Development/arduinobot_ws/install/examples
[0.338s] Invoking command in '/home/louise/Development/arduinobot_ws/build/examples': CMAKE_PREFIX_PATH=/opt/ros/humble /usr/bin/cmake --build /home/louise/Development/arduinobot_ws/build/examples -- -j8 -l8
[0.370s] [ 50%] [32mBuilding CXX object CMakeFiles/simple_parameter.dir/src/simple_parameter.cpp.o[0m
[2.359s] [100%] [32m[1mLinking CXX executable simple_parameter[0m
[2.431s] [100%] Built target simple_parameter
[2.439s] Invoked command in '/home/louise/Development/arduinobot_ws/build/examples' returned '0': CMAKE_PREFIX_PATH=/opt/ros/humble /usr/bin/cmake --build /home/louise/Development/arduinobot_ws/build/examples -- -j8 -l8
[2.440s] Invoking command in '/home/louise/Development/arduinobot_ws/build/examples': CMAKE_PREFIX_PATH=/opt/ros/humble /usr/bin/cmake --install /home/louise/Development/arduinobot_ws/build/examples
[2.444s] -- Install configuration: ""
[2.445s] -- Installing: /home/louise/Development/arduinobot_ws/install/examples/lib/examples/simple_parameter
[2.445s] -- Set runtime path of "/home/louise/Development/arduinobot_ws/install/examples/lib/examples/simple_parameter" to ""
[2.445s] -- Installing: /home/louise/Development/arduinobot_ws/install/examples/share/ament_index/resource_index/package_run_dependencies/examples
[2.445s] -- Installing: /home/louise/Development/arduinobot_ws/install/examples/share/ament_index/resource_index/parent_prefix_path/examples
[2.445s] -- Installing: /home/louise/Development/arduinobot_ws/install/examples/share/examples/environment/ament_prefix_path.sh
[2.445s] -- Installing: /home/louise/Development/arduinobot_ws/install/examples/share/examples/environment/ament_prefix_path.dsv
[2.445s] -- Installing: /home/louise/Development/arduinobot_ws/install/examples/share/examples/environment/path.sh
[2.445s] -- Installing: /home/louise/Development/arduinobot_ws/install/examples/share/examples/environment/path.dsv
[2.445s] -- Installing: /home/louise/Development/arduinobot_ws/install/examples/share/examples/local_setup.bash
[2.446s] -- Installing: /home/louise/Development/arduinobot_ws/install/examples/share/examples/local_setup.sh
[2.446s] -- Installing: /home/louise/Development/arduinobot_ws/install/examples/share/examples/local_setup.zsh
[2.446s] -- Installing: /home/louise/Development/arduinobot_ws/install/examples/share/examples/local_setup.dsv
[2.446s] -- Installing: /home/louise/Development/arduinobot_ws/install/examples/share/examples/package.dsv
[2.446s] -- Installing: /home/louise/Development/arduinobot_ws/install/examples/share/ament_index/resource_index/packages/examples
[2.446s] -- Installing: /home/louise/Development/arduinobot_ws/install/examples/share/examples/cmake/examplesConfig.cmake
[2.446s] -- Installing: /home/louise/Development/arduinobot_ws/install/examples/share/examples/cmake/examplesConfig-version.cmake
[2.446s] -- Installing: /home/louise/Development/arduinobot_ws/install/examples/share/examples/package.xml
[2.447s] Invoked command in '/home/louise/Development/arduinobot_ws/build/examples' returned '0': CMAKE_PREFIX_PATH=/opt/ros/humble /usr/bin/cmake --install /home/louise/Development/arduinobot_ws/build/examples
