[0.056s] Invoking command in '/home/louise/Development/arduinobot_ws/build/examples': CMAKE_PREFIX_PATH=${CMAKE_PREFIX_PATH}:/opt/ros/humble /usr/bin/cmake --build /home/louise/Development/arduinobot_ws/build/examples -- -j8 -l8
[0.290s] [100%] Built target simple_parameter
[0.378s] Invoked command in '/home/louise/Development/arduinobot_ws/build/examples' returned '0': CMAKE_PREFIX_PATH=${CMAKE_PREFIX_PATH}:/opt/ros/humble /usr/bin/cmake --build /home/louise/Development/arduinobot_ws/build/examples -- -j8 -l8
[0.384s] Invoking command in '/home/louise/Development/arduinobot_ws/build/examples': CMAKE_PREFIX_PATH=${CMAKE_PREFIX_PATH}:/opt/ros/humble /usr/bin/cmake --install /home/louise/Development/arduinobot_ws/build/examples
[0.415s] -- Install configuration: ""
[0.416s] -- Up-to-date: /home/louise/Development/arduinobot_ws/install/examples/lib/examples/simple_parameter
[0.418s] -- Up-to-date: /home/louise/Development/arduinobot_ws/install/examples/share/ament_index/resource_index/package_run_dependencies/examples
[0.418s] -- Up-to-date: /home/louise/Development/arduinobot_ws/install/examples/share/ament_index/resource_index/parent_prefix_path/examples
[0.419s] -- Up-to-date: /home/louise/Development/arduinobot_ws/install/examples/share/examples/environment/ament_prefix_path.sh
[0.420s] -- Up-to-date: /home/louise/Development/arduinobot_ws/install/examples/share/examples/environment/ament_prefix_path.dsv
[0.421s] -- Up-to-date: /home/louise/Development/arduinobot_ws/install/examples/share/examples/environment/path.sh
[0.421s] -- Up-to-date: /home/louise/Development/arduinobot_ws/install/examples/share/examples/environment/path.dsv
[0.422s] -- Up-to-date: /home/louise/Development/arduinobot_ws/install/examples/share/examples/local_setup.bash
[0.423s] -- Up-to-date: /home/louise/Development/arduinobot_ws/install/examples/share/examples/local_setup.sh
[0.423s] -- Up-to-date: /home/louise/Development/arduinobot_ws/install/examples/share/examples/local_setup.zsh
[0.424s] -- Up-to-date: /home/louise/Development/arduinobot_ws/install/examples/share/examples/local_setup.dsv
[0.424s] -- Installing: /home/louise/Development/arduinobot_ws/install/examples/share/examples/package.dsv
[0.425s] -- Up-to-date: /home/louise/Development/arduinobot_ws/install/examples/share/ament_index/resource_index/packages/examples
[0.425s] -- Up-to-date: /home/louise/Development/arduinobot_ws/install/examples/share/examples/cmake/examplesConfig.cmake
[0.426s] -- Up-to-date: /home/louise/Development/arduinobot_ws/install/examples/share/examples/cmake/examplesConfig-version.cmake
[0.426s] -- Up-to-date: /home/louise/Development/arduinobot_ws/install/examples/share/examples/package.xml
[0.433s] Invoked command in '/home/louise/Development/arduinobot_ws/build/examples' returned '0': CMAKE_PREFIX_PATH=${CMAKE_PREFIX_PATH}:/opt/ros/humble /usr/bin/cmake --install /home/louise/Development/arduinobot_ws/build/examples
