-- Found ament_cmake: 1.3.11 (/opt/ros/humble/share/ament_cmake/cmake)
-- Found ament_lint_auto: 0.12.12 (/opt/ros/humble/share/ament_lint_auto/cmake)
-- Added test 'lint_cmake' to check CMake code style
-- Added test 'xmllint' to check XML markup files
-- Configuring done
-- Generating done
-- Build files have been written to: /home/louise/Development/arduinobot_ws/build/arduinobot_description
-- Install configuration: ""
-- Installing: /home/louise/Development/arduinobot_ws/install/arduinobot_description/share//meshes
-- Installing: /home/louise/Development/arduinobot_ws/install/arduinobot_description/share//meshes/triangular_link.STL
-- Installing: /home/louise/Development/arduinobot_ws/install/arduinobot_description/share//meshes/servo_plate.STL
-- Installing: /home/louise/Development/arduinobot_ws/install/arduinobot_description/share//meshes/right_finger.STL
-- Installing: /home/louise/Development/arduinobot_ws/install/arduinobot_description/share//meshes/left_finger.STL
-- Installing: /home/louise/Development/arduinobot_ws/install/arduinobot_description/share//meshes/basement.STL
-- Installing: /home/louise/Development/arduinobot_ws/install/arduinobot_description/share//meshes/plate.STL
-- Installing: /home/louise/Development/arduinobot_ws/install/arduinobot_description/share//meshes/round_plate.STL
-- Installing: /home/louise/Development/arduinobot_ws/install/arduinobot_description/share//meshes/link.STL
-- Installing: /home/louise/Development/arduinobot_ws/install/arduinobot_description/share//meshes/base_plate.STL
-- Installing: /home/louise/Development/arduinobot_ws/install/arduinobot_description/share//meshes/horizontal_arm.STL
-- Installing: /home/louise/Development/arduinobot_ws/install/arduinobot_description/share//meshes/forward_drive_arm.STL
-- Installing: /home/louise/Development/arduinobot_ws/install/arduinobot_description/share//meshes/vertical_drive_arm.STL
-- Installing: /home/louise/Development/arduinobot_ws/install/arduinobot_description/share//meshes/claw_support.STL
[31mCMake Error at cmake_install.cmake:46 (file):
  file INSTALL cannot find
  "/home/louise/Development/arduinobot_ws/src/arduinobot_description/urdf":
  No such file or directory.

[0m
