[0.007s] Invoking command in '/home/louise/Development/arduinobot_ws/build/arduinobot_description': CMAKE_PREFIX_PATH=/opt/ros/humble /usr/bin/cmake --build /home/louise/Development/arduinobot_ws/build/arduinobot_description -- -j8 -l8
[0.024s] -- Found ament_cmake: 1.3.11 (/opt/ros/humble/share/ament_cmake/cmake)
[0.110s] -- Found ament_lint_auto: 0.12.12 (/opt/ros/humble/share/ament_lint_auto/cmake)
[0.157s] -- Added test 'lint_cmake' to check CMake code style
[0.157s] -- Added test 'xmllint' to check XML markup files
[0.158s] -- Configuring done
[0.159s] -- Generating done
[0.160s] -- Build files have been written to: /home/louise/Development/arduinobot_ws/build/arduinobot_description
[0.175s] Invoked command in '/home/louise/Development/arduinobot_ws/build/arduinobot_description' returned '0': CMAKE_PREFIX_PATH=/opt/ros/humble /usr/bin/cmake --build /home/louise/Development/arduinobot_ws/build/arduinobot_description -- -j8 -l8
[0.182s] Invoking command in '/home/louise/Development/arduinobot_ws/build/arduinobot_description': CMAKE_PREFIX_PATH=/opt/ros/humble /usr/bin/cmake --install /home/louise/Development/arduinobot_ws/build/arduinobot_description
[0.186s] -- Install configuration: ""
[0.187s] -- Installing: /home/louise/Development/arduinobot_ws/install/arduinobot_description/share//meshes
[0.187s] -- Installing: /home/louise/Development/arduinobot_ws/install/arduinobot_description/share//meshes/triangular_link.STL
[0.187s] -- Installing: /home/louise/Development/arduinobot_ws/install/arduinobot_description/share//meshes/servo_plate.STL
[0.187s] -- Installing: /home/louise/Development/arduinobot_ws/install/arduinobot_description/share//meshes/right_finger.STL
[0.188s] -- Installing: /home/louise/Development/arduinobot_ws/install/arduinobot_description/share//meshes/left_finger.STL
[0.188s] -- Installing: /home/louise/Development/arduinobot_ws/install/arduinobot_description/share//meshes/basement.STL
[0.189s] -- Installing: /home/louise/Development/arduinobot_ws/install/arduinobot_description/share//meshes/plate.STL
[0.190s] -- Installing: /home/louise/Development/arduinobot_ws/install/arduinobot_description/share//meshes/round_plate.STL
[0.191s] -- Installing: /home/louise/Development/arduinobot_ws/install/arduinobot_description/share//meshes/link.STL
[0.191s] -- Installing: /home/louise/Development/arduinobot_ws/install/arduinobot_description/share//meshes/base_plate.STL
[0.193s] -- Installing: /home/louise/Development/arduinobot_ws/install/arduinobot_description/share//meshes/horizontal_arm.STL
[0.194s] -- Installing: /home/louise/Development/arduinobot_ws/install/arduinobot_description/share//meshes/forward_drive_arm.STL
[0.196s] -- Installing: /home/louise/Development/arduinobot_ws/install/arduinobot_description/share//meshes/vertical_drive_arm.STL
[0.197s] -- Installing: /home/louise/Development/arduinobot_ws/install/arduinobot_description/share//meshes/claw_support.STL
[0.197s] [31mCMake Error at cmake_install.cmake:46 (file):
[0.197s]   file INSTALL cannot find
[0.197s]   "/home/louise/Development/arduinobot_ws/src/arduinobot_description/urdf":
[0.198s]   No such file or directory.
[0.198s] 
[0.198s] [0m
[0.199s] Invoked command in '/home/louise/Development/arduinobot_ws/build/arduinobot_description' returned '1': CMAKE_PREFIX_PATH=/opt/ros/humble /usr/bin/cmake --install /home/louise/Development/arduinobot_ws/build/arduinobot_description
