[0.007s] Invoking command in '/home/louise/Development/arduinobot_ws/build/arduinobot_description': CMAKE_PREFIX_PATH=/opt/ros/humble /usr/bin/cmake --build /home/louise/Development/arduinobot_ws/build/arduinobot_description -- -j8 -l8
[0.022s] -- Found ament_cmake: 1.3.11 (/opt/ros/humble/share/ament_cmake/cmake)
[0.100s] -- Found ament_lint_auto: 0.12.12 (/opt/ros/humble/share/ament_lint_auto/cmake)
[0.142s] -- Added test 'lint_cmake' to check CMake code style
[0.143s] -- Added test 'xmllint' to check XML markup files
[0.143s] -- Configuring done
[0.145s] -- Generating done
[0.146s] -- Build files have been written to: /home/louise/Development/arduinobot_ws/build/arduinobot_description
[0.160s] Invoked command in '/home/louise/Development/arduinobot_ws/build/arduinobot_description' returned '0': CMAKE_PREFIX_PATH=/opt/ros/humble /usr/bin/cmake --build /home/louise/Development/arduinobot_ws/build/arduinobot_description -- -j8 -l8
[0.168s] Invoking command in '/home/louise/Development/arduinobot_ws/build/arduinobot_description': CMAKE_PREFIX_PATH=/opt/ros/humble /usr/bin/cmake --install /home/louise/Development/arduinobot_ws/build/arduinobot_description
[0.173s] -- Install configuration: ""
[0.173s] -- Up-to-date: /home/louise/Development/arduinobot_ws/install/arduinobot_description/share//meshes
[0.173s] -- Up-to-date: /home/louise/Development/arduinobot_ws/install/arduinobot_description/share//meshes/triangular_link.STL
[0.173s] -- Up-to-date: /home/louise/Development/arduinobot_ws/install/arduinobot_description/share//meshes/servo_plate.STL
[0.173s] -- Up-to-date: /home/louise/Development/arduinobot_ws/install/arduinobot_description/share//meshes/right_finger.STL
[0.174s] -- Up-to-date: /home/louise/Development/arduinobot_ws/install/arduinobot_description/share//meshes/left_finger.STL
[0.174s] -- Up-to-date: /home/louise/Development/arduinobot_ws/install/arduinobot_description/share//meshes/basement.STL
[0.174s] -- Up-to-date: /home/louise/Development/arduinobot_ws/install/arduinobot_description/share//meshes/plate.STL
[0.174s] -- Up-to-date: /home/louise/Development/arduinobot_ws/install/arduinobot_description/share//meshes/round_plate.STL
[0.174s] -- Up-to-date: /home/louise/Development/arduinobot_ws/install/arduinobot_description/share//meshes/link.STL
[0.174s] -- Up-to-date: /home/louise/Development/arduinobot_ws/install/arduinobot_description/share//meshes/base_plate.STL
[0.174s] -- Up-to-date: /home/louise/Development/arduinobot_ws/install/arduinobot_description/share//meshes/horizontal_arm.STL
[0.174s] -- Up-to-date: /home/louise/Development/arduinobot_ws/install/arduinobot_description/share//meshes/forward_drive_arm.STL
[0.174s] -- Up-to-date: /home/louise/Development/arduinobot_ws/install/arduinobot_description/share//meshes/vertical_drive_arm.STL
[0.174s] -- Up-to-date: /home/louise/Development/arduinobot_ws/install/arduinobot_description/share//meshes/claw_support.STL
[0.174s] -- Installing: /home/louise/Development/arduinobot_ws/install/arduinobot_description/share//urdf
[0.174s] -- Installing: /home/louise/Development/arduinobot_ws/install/arduinobot_description/share//urdf/arduinobot.urdf.xacro
[0.174s] -- Up-to-date: /home/louise/Development/arduinobot_ws/install/arduinobot_description/share/ament_index/resource_index/package_run_dependencies/arduinobot_description
[0.174s] -- Up-to-date: /home/louise/Development/arduinobot_ws/install/arduinobot_description/share/ament_index/resource_index/parent_prefix_path/arduinobot_description
[0.174s] -- Up-to-date: /home/louise/Development/arduinobot_ws/install/arduinobot_description/share/arduinobot_description/environment/ament_prefix_path.sh
[0.174s] -- Installing: /home/louise/Development/arduinobot_ws/install/arduinobot_description/share/arduinobot_description/environment/ament_prefix_path.dsv
[0.174s] -- Up-to-date: /home/louise/Development/arduinobot_ws/install/arduinobot_description/share/arduinobot_description/environment/path.sh
[0.174s] -- Installing: /home/louise/Development/arduinobot_ws/install/arduinobot_description/share/arduinobot_description/environment/path.dsv
[0.174s] -- Up-to-date: /home/louise/Development/arduinobot_ws/install/arduinobot_description/share/arduinobot_description/local_setup.bash
[0.174s] -- Up-to-date: /home/louise/Development/arduinobot_ws/install/arduinobot_description/share/arduinobot_description/local_setup.sh
[0.175s] -- Up-to-date: /home/louise/Development/arduinobot_ws/install/arduinobot_description/share/arduinobot_description/local_setup.zsh
[0.175s] -- Installing: /home/louise/Development/arduinobot_ws/install/arduinobot_description/share/arduinobot_description/local_setup.dsv
[0.175s] -- Installing: /home/louise/Development/arduinobot_ws/install/arduinobot_description/share/arduinobot_description/package.dsv
[0.175s] -- Up-to-date: /home/louise/Development/arduinobot_ws/install/arduinobot_description/share/ament_index/resource_index/packages/arduinobot_description
[0.175s] -- Up-to-date: /home/louise/Development/arduinobot_ws/install/arduinobot_description/share/arduinobot_description/cmake/arduinobot_descriptionConfig.cmake
[0.175s] -- Up-to-date: /home/louise/Development/arduinobot_ws/install/arduinobot_description/share/arduinobot_description/cmake/arduinobot_descriptionConfig-version.cmake
[0.175s] -- Up-to-date: /home/louise/Development/arduinobot_ws/install/arduinobot_description/share/arduinobot_description/package.xml
[0.176s] Invoked command in '/home/louise/Development/arduinobot_ws/build/arduinobot_description' returned '0': CMAKE_PREFIX_PATH=/opt/ros/humble /usr/bin/cmake --install /home/louise/Development/arduinobot_ws/build/arduinobot_description
