[0.007s] Invoking command in '/home/louise/Development/arduinobot_ws/build/arduinobot_description': CMAKE_PREFIX_PATH=/opt/ros/humble /usr/bin/cmake --build /home/louise/Development/arduinobot_ws/build/arduinobot_description -- -j8 -l8
[0.022s] -- Found ament_cmake: 1.3.11 (/opt/ros/humble/share/ament_cmake/cmake)
[0.131s] -- Found rclcpp: 16.0.12 (/opt/ros/humble/share/rclcpp/cmake)
[0.148s] -- Found rosidl_generator_c: 3.1.6 (/opt/ros/humble/share/rosidl_generator_c/cmake)
[0.150s] -- Found rosidl_adapter: 3.1.6 (/opt/ros/humble/share/rosidl_adapter/cmake)
[0.154s] -- Found rosidl_generator_cpp: 3.1.6 (/opt/ros/humble/share/rosidl_generator_cpp/cmake)
[0.167s] -- Using all available rosidl_typesupport_c: rosidl_typesupport_fastrtps_c;rosidl_typesupport_introspection_c
[0.182s] -- Using all available rosidl_typesupport_cpp: rosidl_typesupport_fastrtps_cpp;rosidl_typesupport_introspection_cpp
[0.207s] -- Found rmw_implementation_cmake: 6.1.2 (/opt/ros/humble/share/rmw_implementation_cmake/cmake)
[0.208s] -- Found rmw_fastrtps_cpp: 6.2.7 (/opt/ros/humble/share/rmw_fastrtps_cpp/cmake)
[0.280s] -- Using RMW implementation 'rmw_fastrtps_cpp' as default
[0.311s] -- Found ament_lint_auto: 0.12.12 (/opt/ros/humble/share/ament_lint_auto/cmake)
[0.361s] -- Added test 'cppcheck' to perform static code analysis on C / C++ code
[0.361s] -- Configured cppcheck include dirs: 
[0.361s] -- Configured cppcheck exclude dirs and/or files: 
[0.361s] -- Added test 'lint_cmake' to check CMake code style
[0.362s] -- Added test 'uncrustify' to check C / C++ code style
[0.362s] -- Configured uncrustify additional arguments: 
[0.362s] -- Added test 'xmllint' to check XML markup files
[0.363s] -- Configuring done
[0.373s] -- Generating done
[0.375s] -- Build files have been written to: /home/louise/Development/arduinobot_ws/build/arduinobot_description
[0.399s] [ 50%] [32mBuilding CXX object CMakeFiles/simple_parameter.dir/src/simple_parameter.cpp.o[0m
[2.471s] [100%] [32m[1mLinking CXX executable simple_parameter[0m
[2.585s] [100%] Built target simple_parameter
[2.593s] Invoked command in '/home/louise/Development/arduinobot_ws/build/arduinobot_description' returned '0': CMAKE_PREFIX_PATH=/opt/ros/humble /usr/bin/cmake --build /home/louise/Development/arduinobot_ws/build/arduinobot_description -- -j8 -l8
[2.599s] Invoking command in '/home/louise/Development/arduinobot_ws/build/arduinobot_description': CMAKE_PREFIX_PATH=/opt/ros/humble /usr/bin/cmake --install /home/louise/Development/arduinobot_ws/build/arduinobot_description
[2.603s] -- Install configuration: ""
[2.603s] -- Up-to-date: /home/louise/Development/arduinobot_ws/install/arduinobot_description/share/arduinobot_description/meshes
[2.604s] -- Up-to-date: /home/louise/Development/arduinobot_ws/install/arduinobot_description/share/arduinobot_description/meshes/triangular_link.STL
[2.604s] -- Up-to-date: /home/louise/Development/arduinobot_ws/install/arduinobot_description/share/arduinobot_description/meshes/servo_plate.STL
[2.604s] -- Up-to-date: /home/louise/Development/arduinobot_ws/install/arduinobot_description/share/arduinobot_description/meshes/right_finger.STL
[2.604s] -- Up-to-date: /home/louise/Development/arduinobot_ws/install/arduinobot_description/share/arduinobot_description/meshes/left_finger.STL
[2.604s] -- Up-to-date: /home/louise/Development/arduinobot_ws/install/arduinobot_description/share/arduinobot_description/meshes/basement.STL
[2.604s] -- Up-to-date: /home/louise/Development/arduinobot_ws/install/arduinobot_description/share/arduinobot_description/meshes/plate.STL
[2.604s] -- Up-to-date: /home/louise/Development/arduinobot_ws/install/arduinobot_description/share/arduinobot_description/meshes/round_plate.STL
[2.604s] -- Up-to-date: /home/louise/Development/arduinobot_ws/install/arduinobot_description/share/arduinobot_description/meshes/link.STL
[2.604s] -- Up-to-date: /home/louise/Development/arduinobot_ws/install/arduinobot_description/share/arduinobot_description/meshes/base_plate.STL
[2.604s] -- Up-to-date: /home/louise/Development/arduinobot_ws/install/arduinobot_description/share/arduinobot_description/meshes/horizontal_arm.STL
[2.604s] -- Up-to-date: /home/louise/Development/arduinobot_ws/install/arduinobot_description/share/arduinobot_description/meshes/forward_drive_arm.STL
[2.604s] -- Up-to-date: /home/louise/Development/arduinobot_ws/install/arduinobot_description/share/arduinobot_description/meshes/vertical_drive_arm.STL
[2.604s] -- Up-to-date: /home/louise/Development/arduinobot_ws/install/arduinobot_description/share/arduinobot_description/meshes/claw_support.STL
[2.604s] -- Up-to-date: /home/louise/Development/arduinobot_ws/install/arduinobot_description/share/arduinobot_description/urdf
[2.604s] -- Up-to-date: /home/louise/Development/arduinobot_ws/install/arduinobot_description/share/arduinobot_description/urdf/arduinobot.urdf.xacro
[2.604s] -- Installing: /home/louise/Development/arduinobot_ws/install/arduinobot_description/lib/arduinobot_description/simple_parameter
[2.604s] -- Set runtime path of "/home/louise/Development/arduinobot_ws/install/arduinobot_description/lib/arduinobot_description/simple_parameter" to ""
[2.604s] -- Installing: /home/louise/Development/arduinobot_ws/install/arduinobot_description/share/ament_index/resource_index/package_run_dependencies/arduinobot_description
[2.605s] -- Up-to-date: /home/louise/Development/arduinobot_ws/install/arduinobot_description/share/ament_index/resource_index/parent_prefix_path/arduinobot_description
[2.605s] -- Up-to-date: /home/louise/Development/arduinobot_ws/install/arduinobot_description/share/arduinobot_description/environment/ament_prefix_path.sh
[2.605s] -- Installing: /home/louise/Development/arduinobot_ws/install/arduinobot_description/share/arduinobot_description/environment/ament_prefix_path.dsv
[2.605s] -- Up-to-date: /home/louise/Development/arduinobot_ws/install/arduinobot_description/share/arduinobot_description/environment/path.sh
[2.605s] -- Installing: /home/louise/Development/arduinobot_ws/install/arduinobot_description/share/arduinobot_description/environment/path.dsv
[2.605s] -- Up-to-date: /home/louise/Development/arduinobot_ws/install/arduinobot_description/share/arduinobot_description/local_setup.bash
[2.605s] -- Up-to-date: /home/louise/Development/arduinobot_ws/install/arduinobot_description/share/arduinobot_description/local_setup.sh
[2.605s] -- Up-to-date: /home/louise/Development/arduinobot_ws/install/arduinobot_description/share/arduinobot_description/local_setup.zsh
[2.605s] -- Installing: /home/louise/Development/arduinobot_ws/install/arduinobot_description/share/arduinobot_description/local_setup.dsv
[2.605s] -- Installing: /home/louise/Development/arduinobot_ws/install/arduinobot_description/share/arduinobot_description/package.dsv
[2.605s] -- Up-to-date: /home/louise/Development/arduinobot_ws/install/arduinobot_description/share/ament_index/resource_index/packages/arduinobot_description
[2.605s] -- Up-to-date: /home/louise/Development/arduinobot_ws/install/arduinobot_description/share/arduinobot_description/cmake/arduinobot_descriptionConfig.cmake
[2.605s] -- Up-to-date: /home/louise/Development/arduinobot_ws/install/arduinobot_description/share/arduinobot_description/cmake/arduinobot_descriptionConfig-version.cmake
[2.605s] -- Installing: /home/louise/Development/arduinobot_ws/install/arduinobot_description/share/arduinobot_description/package.xml
[2.606s] Invoked command in '/home/louise/Development/arduinobot_ws/build/arduinobot_description' returned '0': CMAKE_PREFIX_PATH=/opt/ros/humble /usr/bin/cmake --install /home/louise/Development/arduinobot_ws/build/arduinobot_description
