[0.006s] Invoking command in '/home/louise/Development/arduinobot_ws/src/examples/build/arduinobot_description': CMAKE_PREFIX_PATH=/opt/ros/humble /usr/bin/cmake /home/louise/Development/arduinobot_ws/src/examples -DCMAKE_INSTALL_PREFIX=/home/louise/Development/arduinobot_ws/src/examples/install/arduinobot_description
[0.057s] -- The C compiler identification is GNU 11.4.0
[0.098s] -- The CXX compiler identification is GNU 11.4.0
[0.104s] -- Detecting C compiler ABI info
[0.152s] -- Detecting C compiler ABI info - done
[0.158s] -- Check for working C compiler: /usr/bin/cc - skipped
[0.158s] -- Detecting C compile features
[0.158s] -- Detecting C compile features - done
[0.161s] -- Detecting CXX compiler ABI info
[0.219s] -- Detecting CXX compiler ABI info - done
[0.224s] -- Check for working CXX compiler: /usr/bin/c++ - skipped
[0.224s] -- Detecting CXX compile features
[0.224s] -- Detecting CXX compile features - done
[0.226s] -- Found ament_cmake: 1.3.11 (/opt/ros/humble/share/ament_cmake/cmake)
[0.498s] -- Found Python3: /usr/bin/python3 (found version "3.10.12") found components: Interpreter 
[0.553s] -- Found rclcpp: 16.0.12 (/opt/ros/humble/share/rclcpp/cmake)
[0.576s] -- Found rosidl_generator_c: 3.1.6 (/opt/ros/humble/share/rosidl_generator_c/cmake)
[0.579s] -- Found rosidl_adapter: 3.1.6 (/opt/ros/humble/share/rosidl_adapter/cmake)
[0.583s] -- Found rosidl_generator_cpp: 3.1.6 (/opt/ros/humble/share/rosidl_generator_cpp/cmake)
[0.590s] -- Using all available rosidl_typesupport_c: rosidl_typesupport_fastrtps_c;rosidl_typesupport_introspection_c
[0.599s] -- Using all available rosidl_typesupport_cpp: rosidl_typesupport_fastrtps_cpp;rosidl_typesupport_introspection_cpp
[0.623s] -- Found rmw_implementation_cmake: 6.1.2 (/opt/ros/humble/share/rmw_implementation_cmake/cmake)
[0.624s] -- Found rmw_fastrtps_cpp: 6.2.7 (/opt/ros/humble/share/rmw_fastrtps_cpp/cmake)
[0.678s] -- Found OpenSSL: /usr/lib/x86_64-linux-gnu/libcrypto.so (found version "3.0.2")  
[0.698s] -- Found FastRTPS: /opt/ros/humble/include  
[0.729s] -- Using RMW implementation 'rmw_fastrtps_cpp' as default
[0.733s] -- Looking for pthread.h
[0.782s] -- Looking for pthread.h - found
[0.782s] -- Performing Test CMAKE_HAVE_LIBC_PTHREAD
[0.832s] -- Performing Test CMAKE_HAVE_LIBC_PTHREAD - Success
[0.833s] -- Found Threads: TRUE  
[0.868s] -- Found ament_lint_auto: 0.12.12 (/opt/ros/humble/share/ament_lint_auto/cmake)
[0.924s] -- Added test 'cppcheck' to perform static code analysis on C / C++ code
[0.924s] -- Configured cppcheck include dirs: 
[0.924s] -- Configured cppcheck exclude dirs and/or files: 
[0.925s] -- Added test 'lint_cmake' to check CMake code style
[0.928s] -- Added test 'uncrustify' to check C / C++ code style
[0.929s] -- Configured uncrustify additional arguments: 
[0.929s] -- Added test 'xmllint' to check XML markup files
[0.934s] -- Configuring done
[0.939s] -- Generating done
[0.941s] -- Build files have been written to: /home/louise/Development/arduinobot_ws/src/examples/build/arduinobot_description
[0.949s] Invoked command in '/home/louise/Development/arduinobot_ws/src/examples/build/arduinobot_description' returned '0': CMAKE_PREFIX_PATH=/opt/ros/humble /usr/bin/cmake /home/louise/Development/arduinobot_ws/src/examples -DCMAKE_INSTALL_PREFIX=/home/louise/Development/arduinobot_ws/src/examples/install/arduinobot_description
[0.951s] Invoking command in '/home/louise/Development/arduinobot_ws/src/examples/build/arduinobot_description': CMAKE_PREFIX_PATH=/opt/ros/humble /usr/bin/cmake --build /home/louise/Development/arduinobot_ws/src/examples/build/arduinobot_description -- -j8 -l8
[0.983s] [ 50%] [32mBuilding CXX object CMakeFiles/simple_parameter.dir/src/simple_parameter.cpp.o[0m
[2.954s] [100%] [32m[1mLinking CXX executable simple_parameter[0m
[3.040s] [100%] Built target simple_parameter
[3.048s] Invoked command in '/home/louise/Development/arduinobot_ws/src/examples/build/arduinobot_description' returned '0': CMAKE_PREFIX_PATH=/opt/ros/humble /usr/bin/cmake --build /home/louise/Development/arduinobot_ws/src/examples/build/arduinobot_description -- -j8 -l8
[3.055s] Invoking command in '/home/louise/Development/arduinobot_ws/src/examples/build/arduinobot_description': CMAKE_PREFIX_PATH=/opt/ros/humble /usr/bin/cmake --install /home/louise/Development/arduinobot_ws/src/examples/build/arduinobot_description
[3.060s] -- Install configuration: ""
[3.060s] -- Installing: /home/louise/Development/arduinobot_ws/src/examples/install/arduinobot_description/lib/arduinobot_description/simple_parameter
[3.060s] -- Set runtime path of "/home/louise/Development/arduinobot_ws/src/examples/install/arduinobot_description/lib/arduinobot_description/simple_parameter" to ""
[3.060s] -- Installing: /home/louise/Development/arduinobot_ws/src/examples/install/arduinobot_description/share/ament_index/resource_index/package_run_dependencies/arduinobot_description
[3.060s] -- Installing: /home/louise/Development/arduinobot_ws/src/examples/install/arduinobot_description/share/ament_index/resource_index/parent_prefix_path/arduinobot_description
[3.060s] -- Installing: /home/louise/Development/arduinobot_ws/src/examples/install/arduinobot_description/share/arduinobot_description/environment/ament_prefix_path.sh
[3.060s] -- Installing: /home/louise/Development/arduinobot_ws/src/examples/install/arduinobot_description/share/arduinobot_description/environment/ament_prefix_path.dsv
[3.060s] -- Installing: /home/louise/Development/arduinobot_ws/src/examples/install/arduinobot_description/share/arduinobot_description/environment/path.sh
[3.060s] -- Installing: /home/louise/Development/arduinobot_ws/src/examples/install/arduinobot_description/share/arduinobot_description/environment/path.dsv
[3.060s] -- Installing: /home/louise/Development/arduinobot_ws/src/examples/install/arduinobot_description/share/arduinobot_description/local_setup.bash
[3.061s] -- Installing: /home/louise/Development/arduinobot_ws/src/examples/install/arduinobot_description/share/arduinobot_description/local_setup.sh
[3.061s] -- Installing: /home/louise/Development/arduinobot_ws/src/examples/install/arduinobot_description/share/arduinobot_description/local_setup.zsh
[3.061s] -- Installing: /home/louise/Development/arduinobot_ws/src/examples/install/arduinobot_description/share/arduinobot_description/local_setup.dsv
[3.061s] -- Installing: /home/louise/Development/arduinobot_ws/src/examples/install/arduinobot_description/share/arduinobot_description/package.dsv
[3.061s] -- Installing: /home/louise/Development/arduinobot_ws/src/examples/install/arduinobot_description/share/ament_index/resource_index/packages/arduinobot_description
[3.061s] -- Installing: /home/louise/Development/arduinobot_ws/src/examples/install/arduinobot_description/share/arduinobot_description/cmake/arduinobot_descriptionConfig.cmake
[3.061s] -- Installing: /home/louise/Development/arduinobot_ws/src/examples/install/arduinobot_description/share/arduinobot_description/cmake/arduinobot_descriptionConfig-version.cmake
[3.061s] -- Installing: /home/louise/Development/arduinobot_ws/src/examples/install/arduinobot_description/share/arduinobot_description/package.xml
[3.063s] Invoked command in '/home/louise/Development/arduinobot_ws/src/examples/build/arduinobot_description' returned '0': CMAKE_PREFIX_PATH=/opt/ros/humble /usr/bin/cmake --install /home/louise/Development/arduinobot_ws/src/examples/build/arduinobot_description
