[0.541s] DEBUG:colcon:Command line arguments: ['/usr/bin/colcon', 'build']
[0.541s] DEBUG:colcon:Parsed command line arguments: Namespace(log_base=None, log_level=None, verb_name='build', build_base='build', install_base='install', merge_install=False, symlink_install=False, test_result_base=None, continue_on_error=False, executor='parallel', parallel_workers=8, event_handlers=None, ignore_user_meta=False, metas=['./colcon.meta'], base_paths=['.'], packages_ignore=None, packages_ignore_regex=None, paths=None, packages_up_to=None, packages_up_to_regex=None, packages_above=None, packages_above_and_dependencies=None, packages_above_depth=None, packages_select_by_dep=None, packages_skip_by_dep=None, packages_skip_up_to=None, packages_select_build_failed=False, packages_skip_build_finished=False, packages_select_test_failures=False, packages_skip_test_passed=False, packages_select=None, packages_skip=None, packages_select_regex=None, packages_skip_regex=None, packages_start=None, packages_end=None, allow_overriding=[], cmake_args=None, cmake_target=None, cmake_target_skip_unavailable=False, cmake_clean_cache=False, cmake_clean_first=False, cmake_force_configure=False, ament_cmake_args=None, catkin_cmake_args=None, catkin_skip_building_tests=False, verb_parser=<colcon_defaults.argument_parser.defaults.DefaultArgumentsDecorator object at 0x70eca2f74fa0>, verb_extension=<colcon_core.verb.build.BuildVerb object at 0x70eca30e65c0>, main=<bound method BuildVerb.main of <colcon_core.verb.build.BuildVerb object at 0x70eca30e65c0>>)
[1.512s] Level 1:colcon.colcon_core.package_discovery:discover_packages(colcon_meta) check parameters
[1.512s] Level 1:colcon.colcon_core.package_discovery:discover_packages(recursive) check parameters
[1.513s] Level 1:colcon.colcon_core.package_discovery:discover_packages(ignore) check parameters
[1.513s] Level 1:colcon.colcon_core.package_discovery:discover_packages(path) check parameters
[1.513s] Level 1:colcon.colcon_core.package_discovery:discover_packages(colcon_meta) discover
[1.513s] Level 1:colcon.colcon_core.package_discovery:discover_packages(recursive) discover
[1.513s] INFO:colcon.colcon_core.package_discovery:Crawling recursively for packages in '/home/louise/Development/arduinobot_ws'
[1.514s] Level 1:colcon.colcon_core.package_identification:_identify(.) by extensions ['ignore', 'ignore_ament_install']
[1.514s] Level 1:colcon.colcon_core.package_identification:_identify(.) by extension 'ignore'
[1.515s] Level 1:colcon.colcon_core.package_identification:_identify(.) by extension 'ignore_ament_install'
[1.515s] Level 1:colcon.colcon_core.package_identification:_identify(.) by extensions ['colcon_pkg']
[1.515s] Level 1:colcon.colcon_core.package_identification:_identify(.) by extension 'colcon_pkg'
[1.515s] Level 1:colcon.colcon_core.package_identification:_identify(.) by extensions ['colcon_meta']
[1.516s] Level 1:colcon.colcon_core.package_identification:_identify(.) by extension 'colcon_meta'
[1.516s] Level 1:colcon.colcon_core.package_identification:_identify(.) by extensions ['ros']
[1.516s] Level 1:colcon.colcon_core.package_identification:_identify(.) by extension 'ros'
[1.573s] Level 1:colcon.colcon_core.package_identification:_identify(.) by extensions ['cmake', 'python']
[1.573s] Level 1:colcon.colcon_core.package_identification:_identify(.) by extension 'cmake'
[1.573s] Level 1:colcon.colcon_core.package_identification:_identify(.) by extension 'python'
[1.573s] Level 1:colcon.colcon_core.package_identification:_identify(.) by extensions ['python_setup_py']
[1.574s] Level 1:colcon.colcon_core.package_identification:_identify(.) by extension 'python_setup_py'
[1.574s] Level 1:colcon.colcon_core.package_identification:_identify(build) by extensions ['ignore', 'ignore_ament_install']
[1.575s] Level 1:colcon.colcon_core.package_identification:_identify(build) by extension 'ignore'
[1.575s] Level 1:colcon.colcon_core.package_identification:_identify(build) ignored
[1.576s] Level 1:colcon.colcon_core.package_identification:_identify(install) by extensions ['ignore', 'ignore_ament_install']
[1.577s] Level 1:colcon.colcon_core.package_identification:_identify(install) by extension 'ignore'
[1.578s] Level 1:colcon.colcon_core.package_identification:_identify(install) ignored
[1.578s] Level 1:colcon.colcon_core.package_identification:_identify(learning) by extensions ['ignore', 'ignore_ament_install']
[1.579s] Level 1:colcon.colcon_core.package_identification:_identify(learning) by extension 'ignore'
[1.579s] Level 1:colcon.colcon_core.package_identification:_identify(learning) by extension 'ignore_ament_install'
[1.580s] Level 1:colcon.colcon_core.package_identification:_identify(learning) by extensions ['colcon_pkg']
[1.580s] Level 1:colcon.colcon_core.package_identification:_identify(learning) by extension 'colcon_pkg'
[1.580s] Level 1:colcon.colcon_core.package_identification:_identify(learning) by extensions ['colcon_meta']
[1.580s] Level 1:colcon.colcon_core.package_identification:_identify(learning) by extension 'colcon_meta'
[1.581s] Level 1:colcon.colcon_core.package_identification:_identify(learning) by extensions ['ros']
[1.581s] Level 1:colcon.colcon_core.package_identification:_identify(learning) by extension 'ros'
[1.582s] Level 1:colcon.colcon_core.package_identification:_identify(learning) by extensions ['cmake', 'python']
[1.582s] Level 1:colcon.colcon_core.package_identification:_identify(learning) by extension 'cmake'
[1.582s] Level 1:colcon.colcon_core.package_identification:_identify(learning) by extension 'python'
[1.583s] Level 1:colcon.colcon_core.package_identification:_identify(learning) by extensions ['python_setup_py']
[1.583s] Level 1:colcon.colcon_core.package_identification:_identify(learning) by extension 'python_setup_py'
[1.584s] Level 1:colcon.colcon_core.package_identification:_identify(learning/resources) by extensions ['ignore', 'ignore_ament_install']
[1.584s] Level 1:colcon.colcon_core.package_identification:_identify(learning/resources) by extension 'ignore'
[1.585s] Level 1:colcon.colcon_core.package_identification:_identify(learning/resources) by extension 'ignore_ament_install'
[1.585s] Level 1:colcon.colcon_core.package_identification:_identify(learning/resources) by extensions ['colcon_pkg']
[1.585s] Level 1:colcon.colcon_core.package_identification:_identify(learning/resources) by extension 'colcon_pkg'
[1.586s] Level 1:colcon.colcon_core.package_identification:_identify(learning/resources) by extensions ['colcon_meta']
[1.586s] Level 1:colcon.colcon_core.package_identification:_identify(learning/resources) by extension 'colcon_meta'
[1.586s] Level 1:colcon.colcon_core.package_identification:_identify(learning/resources) by extensions ['ros']
[1.586s] Level 1:colcon.colcon_core.package_identification:_identify(learning/resources) by extension 'ros'
[1.587s] Level 1:colcon.colcon_core.package_identification:_identify(learning/resources) by extensions ['cmake', 'python']
[1.587s] Level 1:colcon.colcon_core.package_identification:_identify(learning/resources) by extension 'cmake'
[1.587s] Level 1:colcon.colcon_core.package_identification:_identify(learning/resources) by extension 'python'
[1.587s] Level 1:colcon.colcon_core.package_identification:_identify(learning/resources) by extensions ['python_setup_py']
[1.587s] Level 1:colcon.colcon_core.package_identification:_identify(learning/resources) by extension 'python_setup_py'
[1.588s] Level 1:colcon.colcon_core.package_identification:_identify(learning/resources/arduinobot_meshes.zip) by extensions ['ignore', 'ignore_ament_install']
[1.588s] Level 1:colcon.colcon_core.package_identification:_identify(learning/resources/arduinobot_meshes.zip) by extension 'ignore'
[1.589s] Level 1:colcon.colcon_core.package_identification:_identify(learning/resources/arduinobot_meshes.zip) by extension 'ignore_ament_install'
[1.589s] Level 1:colcon.colcon_core.package_identification:_identify(learning/resources/arduinobot_meshes.zip) by extensions ['colcon_pkg']
[1.589s] Level 1:colcon.colcon_core.package_identification:_identify(learning/resources/arduinobot_meshes.zip) by extension 'colcon_pkg'
[1.589s] Level 1:colcon.colcon_core.package_identification:_identify(learning/resources/arduinobot_meshes.zip) by extensions ['colcon_meta']
[1.589s] Level 1:colcon.colcon_core.package_identification:_identify(learning/resources/arduinobot_meshes.zip) by extension 'colcon_meta'
[1.590s] Level 1:colcon.colcon_core.package_identification:_identify(learning/resources/arduinobot_meshes.zip) by extensions ['ros']
[1.590s] Level 1:colcon.colcon_core.package_identification:_identify(learning/resources/arduinobot_meshes.zip) by extension 'ros'
[1.590s] Level 1:colcon.colcon_core.package_identification:_identify(learning/resources/arduinobot_meshes.zip) by extensions ['cmake', 'python']
[1.590s] Level 1:colcon.colcon_core.package_identification:_identify(learning/resources/arduinobot_meshes.zip) by extension 'cmake'
[1.591s] Level 1:colcon.colcon_core.package_identification:_identify(learning/resources/arduinobot_meshes.zip) by extension 'python'
[1.591s] Level 1:colcon.colcon_core.package_identification:_identify(learning/resources/arduinobot_meshes.zip) by extensions ['python_setup_py']
[1.591s] Level 1:colcon.colcon_core.package_identification:_identify(learning/resources/arduinobot_meshes.zip) by extension 'python_setup_py'
[1.591s] Level 1:colcon.colcon_core.package_identification:_identify(learning/resources/arduinobot_meshes.zip/STL Gazebo) by extensions ['ignore', 'ignore_ament_install']
[1.592s] Level 1:colcon.colcon_core.package_identification:_identify(learning/resources/arduinobot_meshes.zip/STL Gazebo) by extension 'ignore'
[1.592s] Level 1:colcon.colcon_core.package_identification:_identify(learning/resources/arduinobot_meshes.zip/STL Gazebo) by extension 'ignore_ament_install'
[1.593s] Level 1:colcon.colcon_core.package_identification:_identify(learning/resources/arduinobot_meshes.zip/STL Gazebo) by extensions ['colcon_pkg']
[1.593s] Level 1:colcon.colcon_core.package_identification:_identify(learning/resources/arduinobot_meshes.zip/STL Gazebo) by extension 'colcon_pkg'
[1.593s] Level 1:colcon.colcon_core.package_identification:_identify(learning/resources/arduinobot_meshes.zip/STL Gazebo) by extensions ['colcon_meta']
[1.594s] Level 1:colcon.colcon_core.package_identification:_identify(learning/resources/arduinobot_meshes.zip/STL Gazebo) by extension 'colcon_meta'
[1.594s] Level 1:colcon.colcon_core.package_identification:_identify(learning/resources/arduinobot_meshes.zip/STL Gazebo) by extensions ['ros']
[1.594s] Level 1:colcon.colcon_core.package_identification:_identify(learning/resources/arduinobot_meshes.zip/STL Gazebo) by extension 'ros'
[1.595s] Level 1:colcon.colcon_core.package_identification:_identify(learning/resources/arduinobot_meshes.zip/STL Gazebo) by extensions ['cmake', 'python']
[1.595s] Level 1:colcon.colcon_core.package_identification:_identify(learning/resources/arduinobot_meshes.zip/STL Gazebo) by extension 'cmake'
[1.596s] Level 1:colcon.colcon_core.package_identification:_identify(learning/resources/arduinobot_meshes.zip/STL Gazebo) by extension 'python'
[1.596s] Level 1:colcon.colcon_core.package_identification:_identify(learning/resources/arduinobot_meshes.zip/STL Gazebo) by extensions ['python_setup_py']
[1.596s] Level 1:colcon.colcon_core.package_identification:_identify(learning/resources/arduinobot_meshes.zip/STL Gazebo) by extension 'python_setup_py'
[1.597s] Level 1:colcon.colcon_core.package_identification:_identify(log) by extensions ['ignore', 'ignore_ament_install']
[1.597s] Level 1:colcon.colcon_core.package_identification:_identify(log) by extension 'ignore'
[1.597s] Level 1:colcon.colcon_core.package_identification:_identify(log) ignored
[1.598s] Level 1:colcon.colcon_core.package_identification:_identify(src) by extensions ['ignore', 'ignore_ament_install']
[1.598s] Level 1:colcon.colcon_core.package_identification:_identify(src) by extension 'ignore'
[1.599s] Level 1:colcon.colcon_core.package_identification:_identify(src) by extension 'ignore_ament_install'
[1.599s] Level 1:colcon.colcon_core.package_identification:_identify(src) by extensions ['colcon_pkg']
[1.599s] Level 1:colcon.colcon_core.package_identification:_identify(src) by extension 'colcon_pkg'
[1.599s] Level 1:colcon.colcon_core.package_identification:_identify(src) by extensions ['colcon_meta']
[1.599s] Level 1:colcon.colcon_core.package_identification:_identify(src) by extension 'colcon_meta'
[1.600s] Level 1:colcon.colcon_core.package_identification:_identify(src) by extensions ['ros']
[1.600s] Level 1:colcon.colcon_core.package_identification:_identify(src) by extension 'ros'
[1.600s] Level 1:colcon.colcon_core.package_identification:_identify(src) by extensions ['cmake', 'python']
[1.600s] Level 1:colcon.colcon_core.package_identification:_identify(src) by extension 'cmake'
[1.600s] Level 1:colcon.colcon_core.package_identification:_identify(src) by extension 'python'
[1.601s] Level 1:colcon.colcon_core.package_identification:_identify(src) by extensions ['python_setup_py']
[1.601s] Level 1:colcon.colcon_core.package_identification:_identify(src) by extension 'python_setup_py'
[1.601s] Level 1:colcon.colcon_core.package_identification:_identify(src/arduinobot_description) by extensions ['ignore', 'ignore_ament_install']
[1.602s] Level 1:colcon.colcon_core.package_identification:_identify(src/arduinobot_description) by extension 'ignore'
[1.602s] Level 1:colcon.colcon_core.package_identification:_identify(src/arduinobot_description) by extension 'ignore_ament_install'
[1.602s] Level 1:colcon.colcon_core.package_identification:_identify(src/arduinobot_description) by extensions ['colcon_pkg']
[1.602s] Level 1:colcon.colcon_core.package_identification:_identify(src/arduinobot_description) by extension 'colcon_pkg'
[1.603s] Level 1:colcon.colcon_core.package_identification:_identify(src/arduinobot_description) by extensions ['colcon_meta']
[1.603s] Level 1:colcon.colcon_core.package_identification:_identify(src/arduinobot_description) by extension 'colcon_meta'
[1.603s] Level 1:colcon.colcon_core.package_identification:_identify(src/arduinobot_description) by extensions ['ros']
[1.603s] Level 1:colcon.colcon_core.package_identification:_identify(src/arduinobot_description) by extension 'ros'
[1.616s] DEBUG:colcon.colcon_core.package_identification:Package 'src/arduinobot_description' with type 'ros.ament_cmake' and name 'arduinobot_description'
[1.617s] Level 1:colcon.colcon_core.package_identification:_identify(src/examples) by extensions ['ignore', 'ignore_ament_install']
[1.617s] Level 1:colcon.colcon_core.package_identification:_identify(src/examples) by extension 'ignore'
[1.617s] Level 1:colcon.colcon_core.package_identification:_identify(src/examples) by extension 'ignore_ament_install'
[1.618s] Level 1:colcon.colcon_core.package_identification:_identify(src/examples) by extensions ['colcon_pkg']
[1.618s] Level 1:colcon.colcon_core.package_identification:_identify(src/examples) by extension 'colcon_pkg'
[1.618s] Level 1:colcon.colcon_core.package_identification:_identify(src/examples) by extensions ['colcon_meta']
[1.618s] Level 1:colcon.colcon_core.package_identification:_identify(src/examples) by extension 'colcon_meta'
[1.619s] Level 1:colcon.colcon_core.package_identification:_identify(src/examples) by extensions ['ros']
[1.619s] Level 1:colcon.colcon_core.package_identification:_identify(src/examples) by extension 'ros'
[1.623s] DEBUG:colcon.colcon_core.package_identification:Package 'src/examples' with type 'ros.ament_cmake' and name 'examples'
[1.623s] Level 1:colcon.colcon_core.package_discovery:discover_packages(recursive) using defaults
[1.623s] Level 1:colcon.colcon_core.package_discovery:discover_packages(ignore) discover
[1.623s] Level 1:colcon.colcon_core.package_discovery:discover_packages(ignore) using defaults
[1.623s] Level 1:colcon.colcon_core.package_discovery:discover_packages(path) discover
[1.624s] Level 1:colcon.colcon_core.package_discovery:discover_packages(path) using defaults
[1.787s] Level 1:colcon.colcon_core.package_discovery:discover_packages(prefix_path) check parameters
[1.787s] Level 1:colcon.colcon_core.package_discovery:discover_packages(prefix_path) discover
[1.800s] DEBUG:colcon.colcon_installed_package_information.package_discovery:Found 2 installed packages in /home/louise/Development/arduinobot_ws/install
[1.813s] DEBUG:colcon.colcon_installed_package_information.package_discovery:Found 326 installed packages in /opt/ros/humble
[1.827s] Level 1:colcon.colcon_core.package_discovery:discover_packages(prefix_path) using defaults
[2.065s] Level 5:colcon.colcon_core.verb:set package 'arduinobot_description' build argument 'cmake_args' from command line to 'None'
[2.065s] Level 5:colcon.colcon_core.verb:set package 'arduinobot_description' build argument 'cmake_target' from command line to 'None'
[2.065s] Level 5:colcon.colcon_core.verb:set package 'arduinobot_description' build argument 'cmake_target_skip_unavailable' from command line to 'False'
[2.066s] Level 5:colcon.colcon_core.verb:set package 'arduinobot_description' build argument 'cmake_clean_cache' from command line to 'False'
[2.066s] Level 5:colcon.colcon_core.verb:set package 'arduinobot_description' build argument 'cmake_clean_first' from command line to 'False'
[2.066s] Level 5:colcon.colcon_core.verb:set package 'arduinobot_description' build argument 'cmake_force_configure' from command line to 'False'
[2.066s] Level 5:colcon.colcon_core.verb:set package 'arduinobot_description' build argument 'ament_cmake_args' from command line to 'None'
[2.066s] Level 5:colcon.colcon_core.verb:set package 'arduinobot_description' build argument 'catkin_cmake_args' from command line to 'None'
[2.066s] Level 5:colcon.colcon_core.verb:set package 'arduinobot_description' build argument 'catkin_skip_building_tests' from command line to 'False'
[2.066s] DEBUG:colcon.colcon_core.verb:Building package 'arduinobot_description' with the following arguments: {'ament_cmake_args': None, 'build_base': '/home/louise/Development/arduinobot_ws/build/arduinobot_description', 'catkin_cmake_args': None, 'catkin_skip_building_tests': False, 'cmake_args': None, 'cmake_clean_cache': False, 'cmake_clean_first': False, 'cmake_force_configure': False, 'cmake_target': None, 'cmake_target_skip_unavailable': False, 'install_base': '/home/louise/Development/arduinobot_ws/install/arduinobot_description', 'merge_install': False, 'path': '/home/louise/Development/arduinobot_ws/src/arduinobot_description', 'symlink_install': False, 'test_result_base': None}
[2.068s] Level 5:colcon.colcon_core.verb:set package 'examples' build argument 'cmake_args' from command line to 'None'
[2.069s] Level 5:colcon.colcon_core.verb:set package 'examples' build argument 'cmake_target' from command line to 'None'
[2.069s] Level 5:colcon.colcon_core.verb:set package 'examples' build argument 'cmake_target_skip_unavailable' from command line to 'False'
[2.069s] Level 5:colcon.colcon_core.verb:set package 'examples' build argument 'cmake_clean_cache' from command line to 'False'
[2.069s] Level 5:colcon.colcon_core.verb:set package 'examples' build argument 'cmake_clean_first' from command line to 'False'
[2.069s] Level 5:colcon.colcon_core.verb:set package 'examples' build argument 'cmake_force_configure' from command line to 'False'
[2.069s] Level 5:colcon.colcon_core.verb:set package 'examples' build argument 'ament_cmake_args' from command line to 'None'
[2.069s] Level 5:colcon.colcon_core.verb:set package 'examples' build argument 'catkin_cmake_args' from command line to 'None'
[2.069s] Level 5:colcon.colcon_core.verb:set package 'examples' build argument 'catkin_skip_building_tests' from command line to 'False'
[2.070s] DEBUG:colcon.colcon_core.verb:Building package 'examples' with the following arguments: {'ament_cmake_args': None, 'build_base': '/home/louise/Development/arduinobot_ws/build/examples', 'catkin_cmake_args': None, 'catkin_skip_building_tests': False, 'cmake_args': None, 'cmake_clean_cache': False, 'cmake_clean_first': False, 'cmake_force_configure': False, 'cmake_target': None, 'cmake_target_skip_unavailable': False, 'install_base': '/home/louise/Development/arduinobot_ws/install/examples', 'merge_install': False, 'path': '/home/louise/Development/arduinobot_ws/src/examples', 'symlink_install': False, 'test_result_base': None}
[2.070s] INFO:colcon.colcon_core.executor:Executing jobs using 'parallel' executor
[2.075s] DEBUG:colcon.colcon_parallel_executor.executor.parallel:run_until_complete
[2.076s] INFO:colcon.colcon_ros.task.ament_cmake.build:Building ROS package in '/home/louise/Development/arduinobot_ws/src/arduinobot_description' with build type 'ament_cmake'
[2.077s] INFO:colcon.colcon_cmake.task.cmake.build:Building CMake package in '/home/louise/Development/arduinobot_ws/src/arduinobot_description'
[2.086s] INFO:colcon.colcon_core.plugin_system:Skipping extension 'colcon_core.shell.bat': Not used on non-Windows systems
[2.087s] INFO:colcon.colcon_core.shell:Skip shell extension 'powershell' for command environment: Not usable outside of PowerShell
[2.087s] DEBUG:colcon.colcon_core.shell:Skip shell extension 'dsv' for command environment
[2.108s] INFO:colcon.colcon_ros.task.ament_cmake.build:Building ROS package in '/home/louise/Development/arduinobot_ws/src/examples' with build type 'ament_cmake'
[2.108s] INFO:colcon.colcon_cmake.task.cmake.build:Building CMake package in '/home/louise/Development/arduinobot_ws/src/examples'
[2.110s] INFO:colcon.colcon_core.shell:Skip shell extension 'powershell' for command environment: Not usable outside of PowerShell
[2.110s] DEBUG:colcon.colcon_core.shell:Skip shell extension 'dsv' for command environment
[2.155s] DEBUG:colcon.colcon_core.event_handler.log_command:Invoking command in '/home/louise/Development/arduinobot_ws/build/arduinobot_description': CMAKE_PREFIX_PATH=${CMAKE_PREFIX_PATH}:/opt/ros/humble /usr/bin/cmake --build /home/louise/Development/arduinobot_ws/build/arduinobot_description -- -j8 -l8
[2.170s] DEBUG:colcon.colcon_core.event_handler.log_command:Invoking command in '/home/louise/Development/arduinobot_ws/build/examples': CMAKE_PREFIX_PATH=${CMAKE_PREFIX_PATH}:/opt/ros/humble /usr/bin/cmake --build /home/louise/Development/arduinobot_ws/build/examples -- -j8 -l8
[2.324s] DEBUG:colcon.colcon_core.event_handler.log_command:Invoked command in '/home/louise/Development/arduinobot_ws/build/arduinobot_description' returned '0': CMAKE_PREFIX_PATH=${CMAKE_PREFIX_PATH}:/opt/ros/humble /usr/bin/cmake --build /home/louise/Development/arduinobot_ws/build/arduinobot_description -- -j8 -l8
[2.372s] DEBUG:colcon.colcon_core.event_handler.log_command:Invoking command in '/home/louise/Development/arduinobot_ws/build/arduinobot_description': CMAKE_PREFIX_PATH=${CMAKE_PREFIX_PATH}:/opt/ros/humble /usr/bin/cmake --install /home/louise/Development/arduinobot_ws/build/arduinobot_description
[2.418s] Level 1:colcon.colcon_core.environment:create_environment_scripts_only(arduinobot_description)
[2.429s] DEBUG:colcon.colcon_core.event_handler.log_command:Invoked command in '/home/louise/Development/arduinobot_ws/build/arduinobot_description' returned '0': CMAKE_PREFIX_PATH=${CMAKE_PREFIX_PATH}:/opt/ros/humble /usr/bin/cmake --install /home/louise/Development/arduinobot_ws/build/arduinobot_description
[2.437s] Level 1:colcon.colcon_core.environment:checking '/home/louise/Development/arduinobot_ws/install/arduinobot_description' for CMake module files
[2.439s] Level 1:colcon.colcon_core.environment:checking '/home/louise/Development/arduinobot_ws/install/arduinobot_description' for CMake config files
[2.441s] Level 1:colcon.colcon_core.shell:create_environment_hook('arduinobot_description', 'cmake_prefix_path')
[2.443s] INFO:colcon.colcon_core.shell:Creating environment hook '/home/louise/Development/arduinobot_ws/install/arduinobot_description/share/arduinobot_description/hook/cmake_prefix_path.ps1'
[2.447s] INFO:colcon.colcon_core.shell:Creating environment descriptor '/home/louise/Development/arduinobot_ws/install/arduinobot_description/share/arduinobot_description/hook/cmake_prefix_path.dsv'
[2.450s] INFO:colcon.colcon_core.shell:Creating environment hook '/home/louise/Development/arduinobot_ws/install/arduinobot_description/share/arduinobot_description/hook/cmake_prefix_path.sh'
[2.454s] Level 1:colcon.colcon_core.environment:checking '/home/louise/Development/arduinobot_ws/install/arduinobot_description/lib'
[2.456s] Level 1:colcon.colcon_core.environment:checking '/home/louise/Development/arduinobot_ws/install/arduinobot_description/bin'
[2.456s] Level 1:colcon.colcon_core.environment:checking '/home/louise/Development/arduinobot_ws/install/arduinobot_description/lib/pkgconfig/arduinobot_description.pc'
[2.457s] Level 1:colcon.colcon_core.environment:checking '/home/louise/Development/arduinobot_ws/install/arduinobot_description/lib/python3.10/site-packages'
[2.458s] Level 1:colcon.colcon_core.environment:checking '/home/louise/Development/arduinobot_ws/install/arduinobot_description/bin'
[2.460s] INFO:colcon.colcon_core.shell:Creating package script '/home/louise/Development/arduinobot_ws/install/arduinobot_description/share/arduinobot_description/package.ps1'
[2.464s] INFO:colcon.colcon_core.shell:Creating package descriptor '/home/louise/Development/arduinobot_ws/install/arduinobot_description/share/arduinobot_description/package.dsv'
[2.466s] INFO:colcon.colcon_core.shell:Creating package script '/home/louise/Development/arduinobot_ws/install/arduinobot_description/share/arduinobot_description/package.sh'
[2.470s] INFO:colcon.colcon_core.shell:Creating package script '/home/louise/Development/arduinobot_ws/install/arduinobot_description/share/arduinobot_description/package.bash'
[2.474s] INFO:colcon.colcon_core.shell:Creating package script '/home/louise/Development/arduinobot_ws/install/arduinobot_description/share/arduinobot_description/package.zsh'
[2.478s] Level 1:colcon.colcon_core.environment:create_file_with_runtime_dependencies(/home/louise/Development/arduinobot_ws/install/arduinobot_description/share/colcon-core/packages/arduinobot_description)
[2.481s] Level 1:colcon.colcon_core.environment:create_environment_scripts_only(arduinobot_description)
[2.482s] Level 1:colcon.colcon_core.environment:checking '/home/louise/Development/arduinobot_ws/install/arduinobot_description' for CMake module files
[2.485s] Level 1:colcon.colcon_core.environment:checking '/home/louise/Development/arduinobot_ws/install/arduinobot_description' for CMake config files
[2.486s] Level 1:colcon.colcon_core.shell:create_environment_hook('arduinobot_description', 'cmake_prefix_path')
[2.487s] INFO:colcon.colcon_core.shell:Creating environment hook '/home/louise/Development/arduinobot_ws/install/arduinobot_description/share/arduinobot_description/hook/cmake_prefix_path.ps1'
[2.489s] INFO:colcon.colcon_core.shell:Creating environment descriptor '/home/louise/Development/arduinobot_ws/install/arduinobot_description/share/arduinobot_description/hook/cmake_prefix_path.dsv'
[2.491s] INFO:colcon.colcon_core.shell:Creating environment hook '/home/louise/Development/arduinobot_ws/install/arduinobot_description/share/arduinobot_description/hook/cmake_prefix_path.sh'
[2.493s] Level 1:colcon.colcon_core.environment:checking '/home/louise/Development/arduinobot_ws/install/arduinobot_description/lib'
[2.494s] Level 1:colcon.colcon_core.environment:checking '/home/louise/Development/arduinobot_ws/install/arduinobot_description/bin'
[2.494s] Level 1:colcon.colcon_core.environment:checking '/home/louise/Development/arduinobot_ws/install/arduinobot_description/lib/pkgconfig/arduinobot_description.pc'
[2.495s] Level 1:colcon.colcon_core.environment:checking '/home/louise/Development/arduinobot_ws/install/arduinobot_description/lib/python3.10/site-packages'
[2.496s] Level 1:colcon.colcon_core.environment:checking '/home/louise/Development/arduinobot_ws/install/arduinobot_description/bin'
[2.498s] INFO:colcon.colcon_core.shell:Creating package script '/home/louise/Development/arduinobot_ws/install/arduinobot_description/share/arduinobot_description/package.ps1'
[2.500s] INFO:colcon.colcon_core.shell:Creating package descriptor '/home/louise/Development/arduinobot_ws/install/arduinobot_description/share/arduinobot_description/package.dsv'
[2.502s] INFO:colcon.colcon_core.shell:Creating package script '/home/louise/Development/arduinobot_ws/install/arduinobot_description/share/arduinobot_description/package.sh'
[2.505s] INFO:colcon.colcon_core.shell:Creating package script '/home/louise/Development/arduinobot_ws/install/arduinobot_description/share/arduinobot_description/package.bash'
[2.508s] INFO:colcon.colcon_core.shell:Creating package script '/home/louise/Development/arduinobot_ws/install/arduinobot_description/share/arduinobot_description/package.zsh'
[2.510s] Level 1:colcon.colcon_core.environment:create_file_with_runtime_dependencies(/home/louise/Development/arduinobot_ws/install/arduinobot_description/share/colcon-core/packages/arduinobot_description)
[2.517s] DEBUG:colcon.colcon_core.event_handler.log_command:Invoked command in '/home/louise/Development/arduinobot_ws/build/examples' returned '0': CMAKE_PREFIX_PATH=${CMAKE_PREFIX_PATH}:/opt/ros/humble /usr/bin/cmake --build /home/louise/Development/arduinobot_ws/build/examples -- -j8 -l8
[2.525s] DEBUG:colcon.colcon_core.event_handler.log_command:Invoking command in '/home/louise/Development/arduinobot_ws/build/examples': CMAKE_PREFIX_PATH=${CMAKE_PREFIX_PATH}:/opt/ros/humble /usr/bin/cmake --install /home/louise/Development/arduinobot_ws/build/examples
[2.571s] Level 1:colcon.colcon_core.environment:create_environment_scripts_only(examples)
[2.573s] Level 1:colcon.colcon_core.environment:checking '/home/louise/Development/arduinobot_ws/install/examples' for CMake module files
[2.577s] DEBUG:colcon.colcon_core.event_handler.log_command:Invoked command in '/home/louise/Development/arduinobot_ws/build/examples' returned '0': CMAKE_PREFIX_PATH=${CMAKE_PREFIX_PATH}:/opt/ros/humble /usr/bin/cmake --install /home/louise/Development/arduinobot_ws/build/examples
[2.579s] Level 1:colcon.colcon_core.environment:checking '/home/louise/Development/arduinobot_ws/install/examples' for CMake config files
[2.581s] Level 1:colcon.colcon_core.shell:create_environment_hook('examples', 'cmake_prefix_path')
[2.583s] INFO:colcon.colcon_core.shell:Creating environment hook '/home/louise/Development/arduinobot_ws/install/examples/share/examples/hook/cmake_prefix_path.ps1'
[2.586s] INFO:colcon.colcon_core.shell:Creating environment descriptor '/home/louise/Development/arduinobot_ws/install/examples/share/examples/hook/cmake_prefix_path.dsv'
[2.588s] INFO:colcon.colcon_core.shell:Creating environment hook '/home/louise/Development/arduinobot_ws/install/examples/share/examples/hook/cmake_prefix_path.sh'
[2.592s] Level 1:colcon.colcon_core.environment:checking '/home/louise/Development/arduinobot_ws/install/examples/lib'
[2.592s] Level 1:colcon.colcon_core.environment:checking '/home/louise/Development/arduinobot_ws/install/examples/bin'
[2.593s] Level 1:colcon.colcon_core.environment:checking '/home/louise/Development/arduinobot_ws/install/examples/lib/pkgconfig/examples.pc'
[2.595s] Level 1:colcon.colcon_core.environment:checking '/home/louise/Development/arduinobot_ws/install/examples/lib/python3.10/site-packages'
[2.596s] Level 1:colcon.colcon_core.environment:checking '/home/louise/Development/arduinobot_ws/install/examples/bin'
[2.598s] INFO:colcon.colcon_core.shell:Creating package script '/home/louise/Development/arduinobot_ws/install/examples/share/examples/package.ps1'
[2.602s] INFO:colcon.colcon_core.shell:Creating package descriptor '/home/louise/Development/arduinobot_ws/install/examples/share/examples/package.dsv'
[2.603s] INFO:colcon.colcon_core.shell:Creating package script '/home/louise/Development/arduinobot_ws/install/examples/share/examples/package.sh'
[2.605s] INFO:colcon.colcon_core.shell:Creating package script '/home/louise/Development/arduinobot_ws/install/examples/share/examples/package.bash'
[2.607s] INFO:colcon.colcon_core.shell:Creating package script '/home/louise/Development/arduinobot_ws/install/examples/share/examples/package.zsh'
[2.608s] Level 1:colcon.colcon_core.environment:create_file_with_runtime_dependencies(/home/louise/Development/arduinobot_ws/install/examples/share/colcon-core/packages/examples)
[2.611s] Level 1:colcon.colcon_core.environment:create_environment_scripts_only(examples)
[2.612s] Level 1:colcon.colcon_core.environment:checking '/home/louise/Development/arduinobot_ws/install/examples' for CMake module files
[2.614s] Level 1:colcon.colcon_core.environment:checking '/home/louise/Development/arduinobot_ws/install/examples' for CMake config files
[2.615s] Level 1:colcon.colcon_core.shell:create_environment_hook('examples', 'cmake_prefix_path')
[2.616s] INFO:colcon.colcon_core.shell:Creating environment hook '/home/louise/Development/arduinobot_ws/install/examples/share/examples/hook/cmake_prefix_path.ps1'
[2.618s] INFO:colcon.colcon_core.shell:Creating environment descriptor '/home/louise/Development/arduinobot_ws/install/examples/share/examples/hook/cmake_prefix_path.dsv'
[2.620s] INFO:colcon.colcon_core.shell:Creating environment hook '/home/louise/Development/arduinobot_ws/install/examples/share/examples/hook/cmake_prefix_path.sh'
[2.622s] Level 1:colcon.colcon_core.environment:checking '/home/louise/Development/arduinobot_ws/install/examples/lib'
[2.623s] Level 1:colcon.colcon_core.environment:checking '/home/louise/Development/arduinobot_ws/install/examples/bin'
[2.623s] Level 1:colcon.colcon_core.environment:checking '/home/louise/Development/arduinobot_ws/install/examples/lib/pkgconfig/examples.pc'
[2.624s] Level 1:colcon.colcon_core.environment:checking '/home/louise/Development/arduinobot_ws/install/examples/lib/python3.10/site-packages'
[2.625s] Level 1:colcon.colcon_core.environment:checking '/home/louise/Development/arduinobot_ws/install/examples/bin'
[2.627s] INFO:colcon.colcon_core.shell:Creating package script '/home/louise/Development/arduinobot_ws/install/examples/share/examples/package.ps1'
[2.629s] INFO:colcon.colcon_core.shell:Creating package descriptor '/home/louise/Development/arduinobot_ws/install/examples/share/examples/package.dsv'
[2.632s] INFO:colcon.colcon_core.shell:Creating package script '/home/louise/Development/arduinobot_ws/install/examples/share/examples/package.sh'
[2.634s] INFO:colcon.colcon_core.shell:Creating package script '/home/louise/Development/arduinobot_ws/install/examples/share/examples/package.bash'
[2.637s] INFO:colcon.colcon_core.shell:Creating package script '/home/louise/Development/arduinobot_ws/install/examples/share/examples/package.zsh'
[2.639s] Level 1:colcon.colcon_core.environment:create_file_with_runtime_dependencies(/home/louise/Development/arduinobot_ws/install/examples/share/colcon-core/packages/examples)
[2.640s] DEBUG:colcon.colcon_parallel_executor.executor.parallel:closing loop
[2.642s] DEBUG:colcon.colcon_parallel_executor.executor.parallel:loop closed
[2.642s] DEBUG:colcon.colcon_parallel_executor.executor.parallel:run_until_complete finished with '0'
[2.643s] DEBUG:colcon.colcon_core.event_reactor:joining thread
[2.670s] INFO:colcon.colcon_core.plugin_system:Skipping extension 'colcon_notification.desktop_notification.terminal_notifier': Not used on non-Darwin systems
[2.671s] INFO:colcon.colcon_core.plugin_system:Skipping extension 'colcon_notification.desktop_notification.win32': Not used on non-Windows systems
[2.671s] INFO:colcon.colcon_notification.desktop_notification:Sending desktop notification using 'notify2'
[2.737s] DEBUG:colcon.colcon_core.event_reactor:joined thread
[2.738s] INFO:colcon.colcon_core.shell:Creating prefix script '/home/louise/Development/arduinobot_ws/install/local_setup.ps1'
[2.744s] INFO:colcon.colcon_core.shell:Creating prefix util module '/home/louise/Development/arduinobot_ws/install/_local_setup_util_ps1.py'
[2.752s] INFO:colcon.colcon_core.shell:Creating prefix chain script '/home/louise/Development/arduinobot_ws/install/setup.ps1'
[2.758s] INFO:colcon.colcon_core.shell:Creating prefix script '/home/louise/Development/arduinobot_ws/install/local_setup.sh'
[2.760s] INFO:colcon.colcon_core.shell:Creating prefix util module '/home/louise/Development/arduinobot_ws/install/_local_setup_util_sh.py'
[2.763s] INFO:colcon.colcon_core.shell:Creating prefix chain script '/home/louise/Development/arduinobot_ws/install/setup.sh'
[2.768s] INFO:colcon.colcon_core.shell:Creating prefix script '/home/louise/Development/arduinobot_ws/install/local_setup.bash'
[2.771s] INFO:colcon.colcon_core.shell:Creating prefix chain script '/home/louise/Development/arduinobot_ws/install/setup.bash'
[2.776s] INFO:colcon.colcon_core.shell:Creating prefix script '/home/louise/Development/arduinobot_ws/install/local_setup.zsh'
[2.779s] INFO:colcon.colcon_core.shell:Creating prefix chain script '/home/louise/Development/arduinobot_ws/install/setup.zsh'
