[0.547s] DEBUG:colcon:Command line arguments: ['/usr/bin/colcon', 'build']
[0.548s] DEBUG:colcon:Parsed command line arguments: Namespace(log_base=None, log_level=None, verb_name='build', build_base='build', install_base='install', merge_install=False, symlink_install=False, test_result_base=None, continue_on_error=False, executor='parallel', parallel_workers=8, event_handlers=None, ignore_user_meta=False, metas=['./colcon.meta'], base_paths=['.'], packages_ignore=None, packages_ignore_regex=None, paths=None, packages_up_to=None, packages_up_to_regex=None, packages_above=None, packages_above_and_dependencies=None, packages_above_depth=None, packages_select_by_dep=None, packages_skip_by_dep=None, packages_skip_up_to=None, packages_select_build_failed=False, packages_skip_build_finished=False, packages_select_test_failures=False, packages_skip_test_passed=False, packages_select=None, packages_skip=None, packages_select_regex=None, packages_skip_regex=None, packages_start=None, packages_end=None, allow_overriding=[], cmake_args=None, cmake_target=None, cmake_target_skip_unavailable=False, cmake_clean_cache=False, cmake_clean_first=False, cmake_force_configure=False, ament_cmake_args=None, catkin_cmake_args=None, catkin_skip_building_tests=False, verb_parser=<colcon_defaults.argument_parser.defaults.DefaultArgumentsDecorator object at 0x7b61a9774fa0>, verb_extension=<colcon_core.verb.build.BuildVerb object at 0x7b61a98ea5c0>, main=<bound method BuildVerb.main of <colcon_core.verb.build.BuildVerb object at 0x7b61a98ea5c0>>)
[1.512s] Level 1:colcon.colcon_core.package_discovery:discover_packages(colcon_meta) check parameters
[1.513s] Level 1:colcon.colcon_core.package_discovery:discover_packages(recursive) check parameters
[1.513s] Level 1:colcon.colcon_core.package_discovery:discover_packages(ignore) check parameters
[1.513s] Level 1:colcon.colcon_core.package_discovery:discover_packages(path) check parameters
[1.513s] Level 1:colcon.colcon_core.package_discovery:discover_packages(colcon_meta) discover
[1.514s] Level 1:colcon.colcon_core.package_discovery:discover_packages(recursive) discover
[1.514s] INFO:colcon.colcon_core.package_discovery:Crawling recursively for packages in '/home/louise/Development/arduinobot_ws'
[1.514s] Level 1:colcon.colcon_core.package_identification:_identify(.) by extensions ['ignore', 'ignore_ament_install']
[1.515s] Level 1:colcon.colcon_core.package_identification:_identify(.) by extension 'ignore'
[1.515s] Level 1:colcon.colcon_core.package_identification:_identify(.) by extension 'ignore_ament_install'
[1.516s] Level 1:colcon.colcon_core.package_identification:_identify(.) by extensions ['colcon_pkg']
[1.516s] Level 1:colcon.colcon_core.package_identification:_identify(.) by extension 'colcon_pkg'
[1.516s] Level 1:colcon.colcon_core.package_identification:_identify(.) by extensions ['colcon_meta']
[1.516s] Level 1:colcon.colcon_core.package_identification:_identify(.) by extension 'colcon_meta'
[1.516s] Level 1:colcon.colcon_core.package_identification:_identify(.) by extensions ['ros']
[1.516s] Level 1:colcon.colcon_core.package_identification:_identify(.) by extension 'ros'
[1.575s] Level 1:colcon.colcon_core.package_identification:_identify(.) by extensions ['cmake', 'python']
[1.575s] Level 1:colcon.colcon_core.package_identification:_identify(.) by extension 'cmake'
[1.575s] Level 1:colcon.colcon_core.package_identification:_identify(.) by extension 'python'
[1.576s] Level 1:colcon.colcon_core.package_identification:_identify(.) by extensions ['python_setup_py']
[1.576s] Level 1:colcon.colcon_core.package_identification:_identify(.) by extension 'python_setup_py'
[1.576s] Level 1:colcon.colcon_core.package_identification:_identify(build) by extensions ['ignore', 'ignore_ament_install']
[1.577s] Level 1:colcon.colcon_core.package_identification:_identify(build) by extension 'ignore'
[1.577s] Level 1:colcon.colcon_core.package_identification:_identify(build) ignored
[1.578s] Level 1:colcon.colcon_core.package_identification:_identify(install) by extensions ['ignore', 'ignore_ament_install']
[1.578s] Level 1:colcon.colcon_core.package_identification:_identify(install) by extension 'ignore'
[1.579s] Level 1:colcon.colcon_core.package_identification:_identify(install) ignored
[1.579s] Level 1:colcon.colcon_core.package_identification:_identify(learning) by extensions ['ignore', 'ignore_ament_install']
[1.579s] Level 1:colcon.colcon_core.package_identification:_identify(learning) by extension 'ignore'
[1.580s] Level 1:colcon.colcon_core.package_identification:_identify(learning) by extension 'ignore_ament_install'
[1.580s] Level 1:colcon.colcon_core.package_identification:_identify(learning) by extensions ['colcon_pkg']
[1.580s] Level 1:colcon.colcon_core.package_identification:_identify(learning) by extension 'colcon_pkg'
[1.580s] Level 1:colcon.colcon_core.package_identification:_identify(learning) by extensions ['colcon_meta']
[1.581s] Level 1:colcon.colcon_core.package_identification:_identify(learning) by extension 'colcon_meta'
[1.581s] Level 1:colcon.colcon_core.package_identification:_identify(learning) by extensions ['ros']
[1.581s] Level 1:colcon.colcon_core.package_identification:_identify(learning) by extension 'ros'
[1.581s] Level 1:colcon.colcon_core.package_identification:_identify(learning) by extensions ['cmake', 'python']
[1.582s] Level 1:colcon.colcon_core.package_identification:_identify(learning) by extension 'cmake'
[1.582s] Level 1:colcon.colcon_core.package_identification:_identify(learning) by extension 'python'
[1.582s] Level 1:colcon.colcon_core.package_identification:_identify(learning) by extensions ['python_setup_py']
[1.582s] Level 1:colcon.colcon_core.package_identification:_identify(learning) by extension 'python_setup_py'
[1.583s] Level 1:colcon.colcon_core.package_identification:_identify(learning/resources) by extensions ['ignore', 'ignore_ament_install']
[1.583s] Level 1:colcon.colcon_core.package_identification:_identify(learning/resources) by extension 'ignore'
[1.583s] Level 1:colcon.colcon_core.package_identification:_identify(learning/resources) by extension 'ignore_ament_install'
[1.584s] Level 1:colcon.colcon_core.package_identification:_identify(learning/resources) by extensions ['colcon_pkg']
[1.584s] Level 1:colcon.colcon_core.package_identification:_identify(learning/resources) by extension 'colcon_pkg'
[1.584s] Level 1:colcon.colcon_core.package_identification:_identify(learning/resources) by extensions ['colcon_meta']
[1.584s] Level 1:colcon.colcon_core.package_identification:_identify(learning/resources) by extension 'colcon_meta'
[1.584s] Level 1:colcon.colcon_core.package_identification:_identify(learning/resources) by extensions ['ros']
[1.585s] Level 1:colcon.colcon_core.package_identification:_identify(learning/resources) by extension 'ros'
[1.585s] Level 1:colcon.colcon_core.package_identification:_identify(learning/resources) by extensions ['cmake', 'python']
[1.585s] Level 1:colcon.colcon_core.package_identification:_identify(learning/resources) by extension 'cmake'
[1.585s] Level 1:colcon.colcon_core.package_identification:_identify(learning/resources) by extension 'python'
[1.586s] Level 1:colcon.colcon_core.package_identification:_identify(learning/resources) by extensions ['python_setup_py']
[1.586s] Level 1:colcon.colcon_core.package_identification:_identify(learning/resources) by extension 'python_setup_py'
[1.586s] Level 1:colcon.colcon_core.package_identification:_identify(learning/resources/arduinobot_meshes.zip) by extensions ['ignore', 'ignore_ament_install']
[1.587s] Level 1:colcon.colcon_core.package_identification:_identify(learning/resources/arduinobot_meshes.zip) by extension 'ignore'
[1.587s] Level 1:colcon.colcon_core.package_identification:_identify(learning/resources/arduinobot_meshes.zip) by extension 'ignore_ament_install'
[1.587s] Level 1:colcon.colcon_core.package_identification:_identify(learning/resources/arduinobot_meshes.zip) by extensions ['colcon_pkg']
[1.588s] Level 1:colcon.colcon_core.package_identification:_identify(learning/resources/arduinobot_meshes.zip) by extension 'colcon_pkg'
[1.588s] Level 1:colcon.colcon_core.package_identification:_identify(learning/resources/arduinobot_meshes.zip) by extensions ['colcon_meta']
[1.588s] Level 1:colcon.colcon_core.package_identification:_identify(learning/resources/arduinobot_meshes.zip) by extension 'colcon_meta'
[1.589s] Level 1:colcon.colcon_core.package_identification:_identify(learning/resources/arduinobot_meshes.zip) by extensions ['ros']
[1.589s] Level 1:colcon.colcon_core.package_identification:_identify(learning/resources/arduinobot_meshes.zip) by extension 'ros'
[1.590s] Level 1:colcon.colcon_core.package_identification:_identify(learning/resources/arduinobot_meshes.zip) by extensions ['cmake', 'python']
[1.590s] Level 1:colcon.colcon_core.package_identification:_identify(learning/resources/arduinobot_meshes.zip) by extension 'cmake'
[1.590s] Level 1:colcon.colcon_core.package_identification:_identify(learning/resources/arduinobot_meshes.zip) by extension 'python'
[1.590s] Level 1:colcon.colcon_core.package_identification:_identify(learning/resources/arduinobot_meshes.zip) by extensions ['python_setup_py']
[1.591s] Level 1:colcon.colcon_core.package_identification:_identify(learning/resources/arduinobot_meshes.zip) by extension 'python_setup_py'
[1.592s] Level 1:colcon.colcon_core.package_identification:_identify(learning/resources/arduinobot_meshes.zip/STL Gazebo) by extensions ['ignore', 'ignore_ament_install']
[1.592s] Level 1:colcon.colcon_core.package_identification:_identify(learning/resources/arduinobot_meshes.zip/STL Gazebo) by extension 'ignore'
[1.593s] Level 1:colcon.colcon_core.package_identification:_identify(learning/resources/arduinobot_meshes.zip/STL Gazebo) by extension 'ignore_ament_install'
[1.593s] Level 1:colcon.colcon_core.package_identification:_identify(learning/resources/arduinobot_meshes.zip/STL Gazebo) by extensions ['colcon_pkg']
[1.593s] Level 1:colcon.colcon_core.package_identification:_identify(learning/resources/arduinobot_meshes.zip/STL Gazebo) by extension 'colcon_pkg'
[1.594s] Level 1:colcon.colcon_core.package_identification:_identify(learning/resources/arduinobot_meshes.zip/STL Gazebo) by extensions ['colcon_meta']
[1.594s] Level 1:colcon.colcon_core.package_identification:_identify(learning/resources/arduinobot_meshes.zip/STL Gazebo) by extension 'colcon_meta'
[1.594s] Level 1:colcon.colcon_core.package_identification:_identify(learning/resources/arduinobot_meshes.zip/STL Gazebo) by extensions ['ros']
[1.595s] Level 1:colcon.colcon_core.package_identification:_identify(learning/resources/arduinobot_meshes.zip/STL Gazebo) by extension 'ros'
[1.595s] Level 1:colcon.colcon_core.package_identification:_identify(learning/resources/arduinobot_meshes.zip/STL Gazebo) by extensions ['cmake', 'python']
[1.595s] Level 1:colcon.colcon_core.package_identification:_identify(learning/resources/arduinobot_meshes.zip/STL Gazebo) by extension 'cmake'
[1.596s] Level 1:colcon.colcon_core.package_identification:_identify(learning/resources/arduinobot_meshes.zip/STL Gazebo) by extension 'python'
[1.596s] Level 1:colcon.colcon_core.package_identification:_identify(learning/resources/arduinobot_meshes.zip/STL Gazebo) by extensions ['python_setup_py']
[1.596s] Level 1:colcon.colcon_core.package_identification:_identify(learning/resources/arduinobot_meshes.zip/STL Gazebo) by extension 'python_setup_py'
[1.597s] Level 1:colcon.colcon_core.package_identification:_identify(log) by extensions ['ignore', 'ignore_ament_install']
[1.598s] Level 1:colcon.colcon_core.package_identification:_identify(log) by extension 'ignore'
[1.598s] Level 1:colcon.colcon_core.package_identification:_identify(log) ignored
[1.599s] Level 1:colcon.colcon_core.package_identification:_identify(src) by extensions ['ignore', 'ignore_ament_install']
[1.599s] Level 1:colcon.colcon_core.package_identification:_identify(src) by extension 'ignore'
[1.600s] Level 1:colcon.colcon_core.package_identification:_identify(src) by extension 'ignore_ament_install'
[1.600s] Level 1:colcon.colcon_core.package_identification:_identify(src) by extensions ['colcon_pkg']
[1.601s] Level 1:colcon.colcon_core.package_identification:_identify(src) by extension 'colcon_pkg'
[1.601s] Level 1:colcon.colcon_core.package_identification:_identify(src) by extensions ['colcon_meta']
[1.601s] Level 1:colcon.colcon_core.package_identification:_identify(src) by extension 'colcon_meta'
[1.601s] Level 1:colcon.colcon_core.package_identification:_identify(src) by extensions ['ros']
[1.602s] Level 1:colcon.colcon_core.package_identification:_identify(src) by extension 'ros'
[1.602s] Level 1:colcon.colcon_core.package_identification:_identify(src) by extensions ['cmake', 'python']
[1.603s] Level 1:colcon.colcon_core.package_identification:_identify(src) by extension 'cmake'
[1.603s] Level 1:colcon.colcon_core.package_identification:_identify(src) by extension 'python'
[1.603s] Level 1:colcon.colcon_core.package_identification:_identify(src) by extensions ['python_setup_py']
[1.603s] Level 1:colcon.colcon_core.package_identification:_identify(src) by extension 'python_setup_py'
[1.604s] Level 1:colcon.colcon_core.package_identification:_identify(src/arduinobot_description) by extensions ['ignore', 'ignore_ament_install']
[1.605s] Level 1:colcon.colcon_core.package_identification:_identify(src/arduinobot_description) by extension 'ignore'
[1.605s] Level 1:colcon.colcon_core.package_identification:_identify(src/arduinobot_description) by extension 'ignore_ament_install'
[1.606s] Level 1:colcon.colcon_core.package_identification:_identify(src/arduinobot_description) by extensions ['colcon_pkg']
[1.607s] Level 1:colcon.colcon_core.package_identification:_identify(src/arduinobot_description) by extension 'colcon_pkg'
[1.607s] Level 1:colcon.colcon_core.package_identification:_identify(src/arduinobot_description) by extensions ['colcon_meta']
[1.608s] Level 1:colcon.colcon_core.package_identification:_identify(src/arduinobot_description) by extension 'colcon_meta'
[1.608s] Level 1:colcon.colcon_core.package_identification:_identify(src/arduinobot_description) by extensions ['ros']
[1.608s] Level 1:colcon.colcon_core.package_identification:_identify(src/arduinobot_description) by extension 'ros'
[1.622s] DEBUG:colcon.colcon_core.package_identification:Package 'src/arduinobot_description' with type 'ros.ament_cmake' and name 'arduinobot_description'
[1.623s] Level 1:colcon.colcon_core.package_identification:_identify(src/examples) by extensions ['ignore', 'ignore_ament_install']
[1.624s] Level 1:colcon.colcon_core.package_identification:_identify(src/examples) by extension 'ignore'
[1.624s] Level 1:colcon.colcon_core.package_identification:_identify(src/examples) by extension 'ignore_ament_install'
[1.624s] Level 1:colcon.colcon_core.package_identification:_identify(src/examples) by extensions ['colcon_pkg']
[1.625s] Level 1:colcon.colcon_core.package_identification:_identify(src/examples) by extension 'colcon_pkg'
[1.625s] Level 1:colcon.colcon_core.package_identification:_identify(src/examples) by extensions ['colcon_meta']
[1.625s] Level 1:colcon.colcon_core.package_identification:_identify(src/examples) by extension 'colcon_meta'
[1.626s] Level 1:colcon.colcon_core.package_identification:_identify(src/examples) by extensions ['ros']
[1.626s] Level 1:colcon.colcon_core.package_identification:_identify(src/examples) by extension 'ros'
[1.630s] DEBUG:colcon.colcon_core.package_identification:Package 'src/examples' with type 'ros.ament_cmake' and name 'examples'
[1.631s] Level 1:colcon.colcon_core.package_discovery:discover_packages(recursive) using defaults
[1.631s] Level 1:colcon.colcon_core.package_discovery:discover_packages(ignore) discover
[1.631s] Level 1:colcon.colcon_core.package_discovery:discover_packages(ignore) using defaults
[1.631s] Level 1:colcon.colcon_core.package_discovery:discover_packages(path) discover
[1.632s] Level 1:colcon.colcon_core.package_discovery:discover_packages(path) using defaults
[1.761s] Level 1:colcon.colcon_core.package_discovery:discover_packages(prefix_path) check parameters
[1.761s] Level 1:colcon.colcon_core.package_discovery:discover_packages(prefix_path) discover
[1.770s] DEBUG:colcon.colcon_installed_package_information.package_discovery:Found 2 installed packages in /home/louise/Development/arduinobot_ws/install
[1.778s] DEBUG:colcon.colcon_installed_package_information.package_discovery:Found 326 installed packages in /opt/ros/humble
[1.787s] Level 1:colcon.colcon_core.package_discovery:discover_packages(prefix_path) using defaults
[2.004s] Level 5:colcon.colcon_core.verb:set package 'arduinobot_description' build argument 'cmake_args' from command line to 'None'
[2.005s] Level 5:colcon.colcon_core.verb:set package 'arduinobot_description' build argument 'cmake_target' from command line to 'None'
[2.005s] Level 5:colcon.colcon_core.verb:set package 'arduinobot_description' build argument 'cmake_target_skip_unavailable' from command line to 'False'
[2.005s] Level 5:colcon.colcon_core.verb:set package 'arduinobot_description' build argument 'cmake_clean_cache' from command line to 'False'
[2.005s] Level 5:colcon.colcon_core.verb:set package 'arduinobot_description' build argument 'cmake_clean_first' from command line to 'False'
[2.005s] Level 5:colcon.colcon_core.verb:set package 'arduinobot_description' build argument 'cmake_force_configure' from command line to 'False'
[2.006s] Level 5:colcon.colcon_core.verb:set package 'arduinobot_description' build argument 'ament_cmake_args' from command line to 'None'
[2.006s] Level 5:colcon.colcon_core.verb:set package 'arduinobot_description' build argument 'catkin_cmake_args' from command line to 'None'
[2.006s] Level 5:colcon.colcon_core.verb:set package 'arduinobot_description' build argument 'catkin_skip_building_tests' from command line to 'False'
[2.006s] DEBUG:colcon.colcon_core.verb:Building package 'arduinobot_description' with the following arguments: {'ament_cmake_args': None, 'build_base': '/home/louise/Development/arduinobot_ws/build/arduinobot_description', 'catkin_cmake_args': None, 'catkin_skip_building_tests': False, 'cmake_args': None, 'cmake_clean_cache': False, 'cmake_clean_first': False, 'cmake_force_configure': False, 'cmake_target': None, 'cmake_target_skip_unavailable': False, 'install_base': '/home/louise/Development/arduinobot_ws/install/arduinobot_description', 'merge_install': False, 'path': '/home/louise/Development/arduinobot_ws/src/arduinobot_description', 'symlink_install': False, 'test_result_base': None}
[2.009s] Level 5:colcon.colcon_core.verb:set package 'examples' build argument 'cmake_args' from command line to 'None'
[2.009s] Level 5:colcon.colcon_core.verb:set package 'examples' build argument 'cmake_target' from command line to 'None'
[2.009s] Level 5:colcon.colcon_core.verb:set package 'examples' build argument 'cmake_target_skip_unavailable' from command line to 'False'
[2.010s] Level 5:colcon.colcon_core.verb:set package 'examples' build argument 'cmake_clean_cache' from command line to 'False'
[2.010s] Level 5:colcon.colcon_core.verb:set package 'examples' build argument 'cmake_clean_first' from command line to 'False'
[2.010s] Level 5:colcon.colcon_core.verb:set package 'examples' build argument 'cmake_force_configure' from command line to 'False'
[2.010s] Level 5:colcon.colcon_core.verb:set package 'examples' build argument 'ament_cmake_args' from command line to 'None'
[2.010s] Level 5:colcon.colcon_core.verb:set package 'examples' build argument 'catkin_cmake_args' from command line to 'None'
[2.011s] Level 5:colcon.colcon_core.verb:set package 'examples' build argument 'catkin_skip_building_tests' from command line to 'False'
[2.011s] DEBUG:colcon.colcon_core.verb:Building package 'examples' with the following arguments: {'ament_cmake_args': None, 'build_base': '/home/louise/Development/arduinobot_ws/build/examples', 'catkin_cmake_args': None, 'catkin_skip_building_tests': False, 'cmake_args': None, 'cmake_clean_cache': False, 'cmake_clean_first': False, 'cmake_force_configure': False, 'cmake_target': None, 'cmake_target_skip_unavailable': False, 'install_base': '/home/louise/Development/arduinobot_ws/install/examples', 'merge_install': False, 'path': '/home/louise/Development/arduinobot_ws/src/examples', 'symlink_install': False, 'test_result_base': None}
[2.012s] INFO:colcon.colcon_core.executor:Executing jobs using 'parallel' executor
[2.017s] DEBUG:colcon.colcon_parallel_executor.executor.parallel:run_until_complete
[2.018s] INFO:colcon.colcon_ros.task.ament_cmake.build:Building ROS package in '/home/louise/Development/arduinobot_ws/src/arduinobot_description' with build type 'ament_cmake'
[2.019s] INFO:colcon.colcon_cmake.task.cmake.build:Building CMake package in '/home/louise/Development/arduinobot_ws/src/arduinobot_description'
[2.028s] INFO:colcon.colcon_core.plugin_system:Skipping extension 'colcon_core.shell.bat': Not used on non-Windows systems
[2.029s] INFO:colcon.colcon_core.shell:Skip shell extension 'powershell' for command environment: Not usable outside of PowerShell
[2.030s] DEBUG:colcon.colcon_core.shell:Skip shell extension 'dsv' for command environment
[2.049s] INFO:colcon.colcon_ros.task.ament_cmake.build:Building ROS package in '/home/louise/Development/arduinobot_ws/src/examples' with build type 'ament_cmake'
[2.049s] INFO:colcon.colcon_cmake.task.cmake.build:Building CMake package in '/home/louise/Development/arduinobot_ws/src/examples'
[2.051s] INFO:colcon.colcon_core.shell:Skip shell extension 'powershell' for command environment: Not usable outside of PowerShell
[2.051s] DEBUG:colcon.colcon_core.shell:Skip shell extension 'dsv' for command environment
[2.091s] DEBUG:colcon.colcon_core.event_handler.log_command:Invoking command in '/home/louise/Development/arduinobot_ws/build/arduinobot_description': CMAKE_PREFIX_PATH=${CMAKE_PREFIX_PATH}:/opt/ros/humble /usr/bin/cmake --build /home/louise/Development/arduinobot_ws/build/arduinobot_description -- -j8 -l8
[2.108s] DEBUG:colcon.colcon_core.event_handler.log_command:Invoking command in '/home/louise/Development/arduinobot_ws/build/examples': CMAKE_PREFIX_PATH=${CMAKE_PREFIX_PATH}:/opt/ros/humble /usr/bin/cmake --build /home/louise/Development/arduinobot_ws/build/examples -- -j8 -l8
[2.245s] DEBUG:colcon.colcon_core.event_handler.log_command:Invoked command in '/home/louise/Development/arduinobot_ws/build/arduinobot_description' returned '0': CMAKE_PREFIX_PATH=${CMAKE_PREFIX_PATH}:/opt/ros/humble /usr/bin/cmake --build /home/louise/Development/arduinobot_ws/build/arduinobot_description -- -j8 -l8
[2.293s] DEBUG:colcon.colcon_core.event_handler.log_command:Invoking command in '/home/louise/Development/arduinobot_ws/build/arduinobot_description': CMAKE_PREFIX_PATH=${CMAKE_PREFIX_PATH}:/opt/ros/humble /usr/bin/cmake --install /home/louise/Development/arduinobot_ws/build/arduinobot_description
[2.338s] Level 1:colcon.colcon_core.environment:create_environment_scripts_only(arduinobot_description)
[2.341s] DEBUG:colcon.colcon_core.event_handler.log_command:Invoked command in '/home/louise/Development/arduinobot_ws/build/arduinobot_description' returned '0': CMAKE_PREFIX_PATH=${CMAKE_PREFIX_PATH}:/opt/ros/humble /usr/bin/cmake --install /home/louise/Development/arduinobot_ws/build/arduinobot_description
[2.352s] Level 1:colcon.colcon_core.environment:checking '/home/louise/Development/arduinobot_ws/install/arduinobot_description' for CMake module files
[2.355s] Level 1:colcon.colcon_core.environment:checking '/home/louise/Development/arduinobot_ws/install/arduinobot_description' for CMake config files
[2.357s] Level 1:colcon.colcon_core.shell:create_environment_hook('arduinobot_description', 'cmake_prefix_path')
[2.358s] INFO:colcon.colcon_core.shell:Creating environment hook '/home/louise/Development/arduinobot_ws/install/arduinobot_description/share/arduinobot_description/hook/cmake_prefix_path.ps1'
[2.361s] INFO:colcon.colcon_core.shell:Creating environment descriptor '/home/louise/Development/arduinobot_ws/install/arduinobot_description/share/arduinobot_description/hook/cmake_prefix_path.dsv'
[2.363s] INFO:colcon.colcon_core.shell:Creating environment hook '/home/louise/Development/arduinobot_ws/install/arduinobot_description/share/arduinobot_description/hook/cmake_prefix_path.sh'
[2.368s] Level 1:colcon.colcon_core.environment:checking '/home/louise/Development/arduinobot_ws/install/arduinobot_description/lib'
[2.369s] Level 1:colcon.colcon_core.environment:checking '/home/louise/Development/arduinobot_ws/install/arduinobot_description/bin'
[2.369s] Level 1:colcon.colcon_core.environment:checking '/home/louise/Development/arduinobot_ws/install/arduinobot_description/lib/pkgconfig/arduinobot_description.pc'
[2.371s] Level 1:colcon.colcon_core.environment:checking '/home/louise/Development/arduinobot_ws/install/arduinobot_description/lib/python3.10/site-packages'
[2.372s] Level 1:colcon.colcon_core.environment:checking '/home/louise/Development/arduinobot_ws/install/arduinobot_description/bin'
[2.374s] INFO:colcon.colcon_core.shell:Creating package script '/home/louise/Development/arduinobot_ws/install/arduinobot_description/share/arduinobot_description/package.ps1'
[2.378s] INFO:colcon.colcon_core.shell:Creating package descriptor '/home/louise/Development/arduinobot_ws/install/arduinobot_description/share/arduinobot_description/package.dsv'
[2.380s] INFO:colcon.colcon_core.shell:Creating package script '/home/louise/Development/arduinobot_ws/install/arduinobot_description/share/arduinobot_description/package.sh'
[2.384s] INFO:colcon.colcon_core.shell:Creating package script '/home/louise/Development/arduinobot_ws/install/arduinobot_description/share/arduinobot_description/package.bash'
[2.389s] INFO:colcon.colcon_core.shell:Creating package script '/home/louise/Development/arduinobot_ws/install/arduinobot_description/share/arduinobot_description/package.zsh'
[2.392s] Level 1:colcon.colcon_core.environment:create_file_with_runtime_dependencies(/home/louise/Development/arduinobot_ws/install/arduinobot_description/share/colcon-core/packages/arduinobot_description)
[2.395s] Level 1:colcon.colcon_core.environment:create_environment_scripts_only(arduinobot_description)
[2.396s] Level 1:colcon.colcon_core.environment:checking '/home/louise/Development/arduinobot_ws/install/arduinobot_description' for CMake module files
[2.398s] Level 1:colcon.colcon_core.environment:checking '/home/louise/Development/arduinobot_ws/install/arduinobot_description' for CMake config files
[2.400s] Level 1:colcon.colcon_core.shell:create_environment_hook('arduinobot_description', 'cmake_prefix_path')
[2.401s] INFO:colcon.colcon_core.shell:Creating environment hook '/home/louise/Development/arduinobot_ws/install/arduinobot_description/share/arduinobot_description/hook/cmake_prefix_path.ps1'
[2.402s] INFO:colcon.colcon_core.shell:Creating environment descriptor '/home/louise/Development/arduinobot_ws/install/arduinobot_description/share/arduinobot_description/hook/cmake_prefix_path.dsv'
[2.404s] INFO:colcon.colcon_core.shell:Creating environment hook '/home/louise/Development/arduinobot_ws/install/arduinobot_description/share/arduinobot_description/hook/cmake_prefix_path.sh'
[2.407s] Level 1:colcon.colcon_core.environment:checking '/home/louise/Development/arduinobot_ws/install/arduinobot_description/lib'
[2.407s] Level 1:colcon.colcon_core.environment:checking '/home/louise/Development/arduinobot_ws/install/arduinobot_description/bin'
[2.407s] Level 1:colcon.colcon_core.environment:checking '/home/louise/Development/arduinobot_ws/install/arduinobot_description/lib/pkgconfig/arduinobot_description.pc'
[2.409s] Level 1:colcon.colcon_core.environment:checking '/home/louise/Development/arduinobot_ws/install/arduinobot_description/lib/python3.10/site-packages'
[2.410s] Level 1:colcon.colcon_core.environment:checking '/home/louise/Development/arduinobot_ws/install/arduinobot_description/bin'
[2.411s] INFO:colcon.colcon_core.shell:Creating package script '/home/louise/Development/arduinobot_ws/install/arduinobot_description/share/arduinobot_description/package.ps1'
[2.414s] INFO:colcon.colcon_core.shell:Creating package descriptor '/home/louise/Development/arduinobot_ws/install/arduinobot_description/share/arduinobot_description/package.dsv'
[2.416s] INFO:colcon.colcon_core.shell:Creating package script '/home/louise/Development/arduinobot_ws/install/arduinobot_description/share/arduinobot_description/package.sh'
[2.419s] INFO:colcon.colcon_core.shell:Creating package script '/home/louise/Development/arduinobot_ws/install/arduinobot_description/share/arduinobot_description/package.bash'
[2.421s] INFO:colcon.colcon_core.shell:Creating package script '/home/louise/Development/arduinobot_ws/install/arduinobot_description/share/arduinobot_description/package.zsh'
[2.423s] Level 1:colcon.colcon_core.environment:create_file_with_runtime_dependencies(/home/louise/Development/arduinobot_ws/install/arduinobot_description/share/colcon-core/packages/arduinobot_description)
[2.431s] DEBUG:colcon.colcon_core.event_handler.log_command:Invoked command in '/home/louise/Development/arduinobot_ws/build/examples' returned '0': CMAKE_PREFIX_PATH=${CMAKE_PREFIX_PATH}:/opt/ros/humble /usr/bin/cmake --build /home/louise/Development/arduinobot_ws/build/examples -- -j8 -l8
[2.437s] DEBUG:colcon.colcon_core.event_handler.log_command:Invoking command in '/home/louise/Development/arduinobot_ws/build/examples': CMAKE_PREFIX_PATH=${CMAKE_PREFIX_PATH}:/opt/ros/humble /usr/bin/cmake --install /home/louise/Development/arduinobot_ws/build/examples
[2.482s] Level 1:colcon.colcon_core.environment:create_environment_scripts_only(examples)
[2.484s] Level 1:colcon.colcon_core.environment:checking '/home/louise/Development/arduinobot_ws/install/examples' for CMake module files
[2.485s] DEBUG:colcon.colcon_core.event_handler.log_command:Invoked command in '/home/louise/Development/arduinobot_ws/build/examples' returned '0': CMAKE_PREFIX_PATH=${CMAKE_PREFIX_PATH}:/opt/ros/humble /usr/bin/cmake --install /home/louise/Development/arduinobot_ws/build/examples
[2.488s] Level 1:colcon.colcon_core.environment:checking '/home/louise/Development/arduinobot_ws/install/examples' for CMake config files
[2.489s] Level 1:colcon.colcon_core.shell:create_environment_hook('examples', 'cmake_prefix_path')
[2.490s] INFO:colcon.colcon_core.shell:Creating environment hook '/home/louise/Development/arduinobot_ws/install/examples/share/examples/hook/cmake_prefix_path.ps1'
[2.493s] INFO:colcon.colcon_core.shell:Creating environment descriptor '/home/louise/Development/arduinobot_ws/install/examples/share/examples/hook/cmake_prefix_path.dsv'
[2.494s] INFO:colcon.colcon_core.shell:Creating environment hook '/home/louise/Development/arduinobot_ws/install/examples/share/examples/hook/cmake_prefix_path.sh'
[2.498s] Level 1:colcon.colcon_core.environment:checking '/home/louise/Development/arduinobot_ws/install/examples/lib'
[2.498s] Level 1:colcon.colcon_core.environment:checking '/home/louise/Development/arduinobot_ws/install/examples/bin'
[2.498s] Level 1:colcon.colcon_core.environment:checking '/home/louise/Development/arduinobot_ws/install/examples/lib/pkgconfig/examples.pc'
[2.500s] Level 1:colcon.colcon_core.environment:checking '/home/louise/Development/arduinobot_ws/install/examples/lib/python3.10/site-packages'
[2.501s] Level 1:colcon.colcon_core.environment:checking '/home/louise/Development/arduinobot_ws/install/examples/bin'
[2.502s] INFO:colcon.colcon_core.shell:Creating package script '/home/louise/Development/arduinobot_ws/install/examples/share/examples/package.ps1'
[2.504s] INFO:colcon.colcon_core.shell:Creating package descriptor '/home/louise/Development/arduinobot_ws/install/examples/share/examples/package.dsv'
[2.507s] INFO:colcon.colcon_core.shell:Creating package script '/home/louise/Development/arduinobot_ws/install/examples/share/examples/package.sh'
[2.509s] INFO:colcon.colcon_core.shell:Creating package script '/home/louise/Development/arduinobot_ws/install/examples/share/examples/package.bash'
[2.511s] INFO:colcon.colcon_core.shell:Creating package script '/home/louise/Development/arduinobot_ws/install/examples/share/examples/package.zsh'
[2.512s] Level 1:colcon.colcon_core.environment:create_file_with_runtime_dependencies(/home/louise/Development/arduinobot_ws/install/examples/share/colcon-core/packages/examples)
[2.515s] Level 1:colcon.colcon_core.environment:create_environment_scripts_only(examples)
[2.516s] Level 1:colcon.colcon_core.environment:checking '/home/louise/Development/arduinobot_ws/install/examples' for CMake module files
[2.519s] Level 1:colcon.colcon_core.environment:checking '/home/louise/Development/arduinobot_ws/install/examples' for CMake config files
[2.520s] Level 1:colcon.colcon_core.shell:create_environment_hook('examples', 'cmake_prefix_path')
[2.522s] INFO:colcon.colcon_core.shell:Creating environment hook '/home/louise/Development/arduinobot_ws/install/examples/share/examples/hook/cmake_prefix_path.ps1'
[2.524s] INFO:colcon.colcon_core.shell:Creating environment descriptor '/home/louise/Development/arduinobot_ws/install/examples/share/examples/hook/cmake_prefix_path.dsv'
[2.525s] INFO:colcon.colcon_core.shell:Creating environment hook '/home/louise/Development/arduinobot_ws/install/examples/share/examples/hook/cmake_prefix_path.sh'
[2.528s] Level 1:colcon.colcon_core.environment:checking '/home/louise/Development/arduinobot_ws/install/examples/lib'
[2.529s] Level 1:colcon.colcon_core.environment:checking '/home/louise/Development/arduinobot_ws/install/examples/bin'
[2.529s] Level 1:colcon.colcon_core.environment:checking '/home/louise/Development/arduinobot_ws/install/examples/lib/pkgconfig/examples.pc'
[2.531s] Level 1:colcon.colcon_core.environment:checking '/home/louise/Development/arduinobot_ws/install/examples/lib/python3.10/site-packages'
[2.533s] Level 1:colcon.colcon_core.environment:checking '/home/louise/Development/arduinobot_ws/install/examples/bin'
[2.535s] INFO:colcon.colcon_core.shell:Creating package script '/home/louise/Development/arduinobot_ws/install/examples/share/examples/package.ps1'
[2.539s] INFO:colcon.colcon_core.shell:Creating package descriptor '/home/louise/Development/arduinobot_ws/install/examples/share/examples/package.dsv'
[2.541s] INFO:colcon.colcon_core.shell:Creating package script '/home/louise/Development/arduinobot_ws/install/examples/share/examples/package.sh'
[2.544s] INFO:colcon.colcon_core.shell:Creating package script '/home/louise/Development/arduinobot_ws/install/examples/share/examples/package.bash'
[2.546s] INFO:colcon.colcon_core.shell:Creating package script '/home/louise/Development/arduinobot_ws/install/examples/share/examples/package.zsh'
[2.548s] Level 1:colcon.colcon_core.environment:create_file_with_runtime_dependencies(/home/louise/Development/arduinobot_ws/install/examples/share/colcon-core/packages/examples)
[2.550s] DEBUG:colcon.colcon_parallel_executor.executor.parallel:closing loop
[2.552s] DEBUG:colcon.colcon_parallel_executor.executor.parallel:loop closed
[2.552s] DEBUG:colcon.colcon_parallel_executor.executor.parallel:run_until_complete finished with '0'
[2.552s] DEBUG:colcon.colcon_core.event_reactor:joining thread
[2.580s] INFO:colcon.colcon_core.plugin_system:Skipping extension 'colcon_notification.desktop_notification.terminal_notifier': Not used on non-Darwin systems
[2.580s] INFO:colcon.colcon_core.plugin_system:Skipping extension 'colcon_notification.desktop_notification.win32': Not used on non-Windows systems
[2.581s] INFO:colcon.colcon_notification.desktop_notification:Sending desktop notification using 'notify2'
[2.633s] DEBUG:colcon.colcon_core.event_reactor:joined thread
[2.636s] INFO:colcon.colcon_core.shell:Creating prefix script '/home/louise/Development/arduinobot_ws/install/local_setup.ps1'
[2.644s] INFO:colcon.colcon_core.shell:Creating prefix util module '/home/louise/Development/arduinobot_ws/install/_local_setup_util_ps1.py'
[2.658s] INFO:colcon.colcon_core.shell:Creating prefix chain script '/home/louise/Development/arduinobot_ws/install/setup.ps1'
[2.666s] INFO:colcon.colcon_core.shell:Creating prefix script '/home/louise/Development/arduinobot_ws/install/local_setup.sh'
[2.671s] INFO:colcon.colcon_core.shell:Creating prefix util module '/home/louise/Development/arduinobot_ws/install/_local_setup_util_sh.py'
[2.675s] INFO:colcon.colcon_core.shell:Creating prefix chain script '/home/louise/Development/arduinobot_ws/install/setup.sh'
[2.680s] INFO:colcon.colcon_core.shell:Creating prefix script '/home/louise/Development/arduinobot_ws/install/local_setup.bash'
[2.683s] INFO:colcon.colcon_core.shell:Creating prefix chain script '/home/louise/Development/arduinobot_ws/install/setup.bash'
[2.688s] INFO:colcon.colcon_core.shell:Creating prefix script '/home/louise/Development/arduinobot_ws/install/local_setup.zsh'
[2.691s] INFO:colcon.colcon_core.shell:Creating prefix chain script '/home/louise/Development/arduinobot_ws/install/setup.zsh'
