[0.008s] Invoking command in '/home/louise/Development/arduinobot_ws/build/arduinobot_description': CMAKE_PREFIX_PATH=/opt/ros/humble /usr/bin/cmake --build /home/louise/Development/arduinobot_ws/build/arduinobot_description -- -j8 -l8
[0.040s] -- Found ament_cmake: 1.3.11 (/opt/ros/humble/share/ament_cmake/cmake)
[0.138s] -- Found rclcpp: 16.0.12 (/opt/ros/humble/share/rclcpp/cmake)
[0.174s] -- Found rosidl_generator_c: 3.1.6 (/opt/ros/humble/share/rosidl_generator_c/cmake)
[0.178s] -- Found rosidl_adapter: 3.1.6 (/opt/ros/humble/share/rosidl_adapter/cmake)
[0.184s] -- Found rosidl_generator_cpp: 3.1.6 (/opt/ros/humble/share/rosidl_generator_cpp/cmake)
[0.194s] -- Using all available rosidl_typesupport_c: rosidl_typesupport_fastrtps_c;rosidl_typesupport_introspection_c
[0.208s] -- Using all available rosidl_typesupport_cpp: rosidl_typesupport_fastrtps_cpp;rosidl_typesupport_introspection_cpp
[0.245s] -- Found rmw_implementation_cmake: 6.1.2 (/opt/ros/humble/share/rmw_implementation_cmake/cmake)
[0.248s] -- Found rmw_fastrtps_cpp: 6.2.7 (/opt/ros/humble/share/rmw_fastrtps_cpp/cmake)
[0.312s] -- Found OpenSSL: /usr/lib/x86_64-linux-gnu/libcrypto.so (found version "3.0.2")  
[0.332s] -- Found FastRTPS: /opt/ros/humble/include  
[0.358s] -- Using RMW implementation 'rmw_fastrtps_cpp' as default
[0.366s] -- Looking for pthread.h
[0.451s] -- Looking for pthread.h - found
[0.451s] -- Performing Test CMAKE_HAVE_LIBC_PTHREAD
[0.505s] -- Performing Test CMAKE_HAVE_LIBC_PTHREAD - Success
[0.506s] -- Found Threads: TRUE  
[0.551s] -- Found ament_lint_auto: 0.12.12 (/opt/ros/humble/share/ament_lint_auto/cmake)
[0.604s] -- Added test 'lint_cmake' to check CMake code style
[0.605s] -- Added test 'xmllint' to check XML markup files
[0.606s] -- Configuring done
[0.608s] [31mCMake Error at CMakeLists.txt:18 (add_executable):
[0.608s]   Cannot find source file:
[0.608s] 
[0.608s]     src/simple_parameter.cpp
[0.608s] 
[0.608s]   Tried extensions .c .C .c++ .cc .cpp .cxx .cu .mpp .m .M .mm .ixx .cppm .h
[0.608s]   .hh .h++ .hm .hpp .hxx .in .txx .f .F .for .f77 .f90 .f95 .f03 .hip .ispc
[0.608s] 
[0.608s] [0m
[0.609s] [31mCMake Error at CMakeLists.txt:18 (add_executable):
[0.609s]   No SOURCES given to target: simple_parameter
[0.609s] 
[0.609s] [0m
[0.609s] [0mCMake Generate step failed.  Build files cannot be regenerated correctly.[0m
[0.614s] gmake: *** [Makefile:226: cmake_check_build_system] Error 1
[0.616s] Invoked command in '/home/louise/Development/arduinobot_ws/build/arduinobot_description' returned '2': CMAKE_PREFIX_PATH=/opt/ros/humble /usr/bin/cmake --build /home/louise/Development/arduinobot_ws/build/arduinobot_description -- -j8 -l8
