[0.086s] DEBUG:colcon:Command line arguments: ['/usr/bin/colcon', 'build']
[0.087s] DEBUG:colcon:Parsed command line arguments: Namespace(log_base=None, log_level=None, verb_name='build', build_base='build', install_base='install', merge_install=False, symlink_install=False, test_result_base=None, continue_on_error=False, executor='parallel', parallel_workers=8, event_handlers=None, ignore_user_meta=False, metas=['./colcon.meta'], base_paths=['.'], packages_ignore=None, packages_ignore_regex=None, paths=None, packages_up_to=None, packages_up_to_regex=None, packages_above=None, packages_above_and_dependencies=None, packages_above_depth=None, packages_select_by_dep=None, packages_skip_by_dep=None, packages_skip_up_to=None, packages_select_build_failed=False, packages_skip_build_finished=False, packages_select_test_failures=False, packages_skip_test_passed=False, packages_select=None, packages_skip=None, packages_select_regex=None, packages_skip_regex=None, packages_start=None, packages_end=None, allow_overriding=[], cmake_args=None, cmake_target=None, cmake_target_skip_unavailable=False, cmake_clean_cache=False, cmake_clean_first=False, cmake_force_configure=False, ament_cmake_args=None, catkin_cmake_args=None, catkin_skip_building_tests=False, verb_parser=<colcon_defaults.argument_parser.defaults.DefaultArgumentsDecorator object at 0x711bdcbd4fd0>, verb_extension=<colcon_core.verb.build.BuildVerb object at 0x711bdcdd65f0>, main=<bound method BuildVerb.main of <colcon_core.verb.build.BuildVerb object at 0x711bdcdd65f0>>)
[0.203s] Level 1:colcon.colcon_core.package_discovery:discover_packages(colcon_meta) check parameters
[0.203s] Level 1:colcon.colcon_core.package_discovery:discover_packages(recursive) check parameters
[0.203s] Level 1:colcon.colcon_core.package_discovery:discover_packages(ignore) check parameters
[0.203s] Level 1:colcon.colcon_core.package_discovery:discover_packages(path) check parameters
[0.203s] Level 1:colcon.colcon_core.package_discovery:discover_packages(colcon_meta) discover
[0.203s] Level 1:colcon.colcon_core.package_discovery:discover_packages(recursive) discover
[0.203s] INFO:colcon.colcon_core.package_discovery:Crawling recursively for packages in '/home/louise/Development/arduinobot_ws'
[0.203s] Level 1:colcon.colcon_core.package_identification:_identify(.) by extensions ['ignore', 'ignore_ament_install']
[0.204s] Level 1:colcon.colcon_core.package_identification:_identify(.) by extension 'ignore'
[0.204s] Level 1:colcon.colcon_core.package_identification:_identify(.) by extension 'ignore_ament_install'
[0.204s] Level 1:colcon.colcon_core.package_identification:_identify(.) by extensions ['colcon_pkg']
[0.204s] Level 1:colcon.colcon_core.package_identification:_identify(.) by extension 'colcon_pkg'
[0.204s] Level 1:colcon.colcon_core.package_identification:_identify(.) by extensions ['colcon_meta']
[0.204s] Level 1:colcon.colcon_core.package_identification:_identify(.) by extension 'colcon_meta'
[0.204s] Level 1:colcon.colcon_core.package_identification:_identify(.) by extensions ['ros']
[0.204s] Level 1:colcon.colcon_core.package_identification:_identify(.) by extension 'ros'
[0.212s] Level 1:colcon.colcon_core.package_identification:_identify(.) by extensions ['cmake', 'python']
[0.212s] Level 1:colcon.colcon_core.package_identification:_identify(.) by extension 'cmake'
[0.212s] Level 1:colcon.colcon_core.package_identification:_identify(.) by extension 'python'
[0.212s] Level 1:colcon.colcon_core.package_identification:_identify(.) by extensions ['python_setup_py']
[0.212s] Level 1:colcon.colcon_core.package_identification:_identify(.) by extension 'python_setup_py'
[0.212s] Level 1:colcon.colcon_core.package_identification:_identify(build) by extensions ['ignore', 'ignore_ament_install']
[0.212s] Level 1:colcon.colcon_core.package_identification:_identify(build) by extension 'ignore'
[0.212s] Level 1:colcon.colcon_core.package_identification:_identify(build) ignored
[0.212s] Level 1:colcon.colcon_core.package_identification:_identify(install) by extensions ['ignore', 'ignore_ament_install']
[0.212s] Level 1:colcon.colcon_core.package_identification:_identify(install) by extension 'ignore'
[0.212s] Level 1:colcon.colcon_core.package_identification:_identify(install) ignored
[0.212s] Level 1:colcon.colcon_core.package_identification:_identify(learning) by extensions ['ignore', 'ignore_ament_install']
[0.213s] Level 1:colcon.colcon_core.package_identification:_identify(learning) by extension 'ignore'
[0.213s] Level 1:colcon.colcon_core.package_identification:_identify(learning) by extension 'ignore_ament_install'
[0.213s] Level 1:colcon.colcon_core.package_identification:_identify(learning) by extensions ['colcon_pkg']
[0.213s] Level 1:colcon.colcon_core.package_identification:_identify(learning) by extension 'colcon_pkg'
[0.213s] Level 1:colcon.colcon_core.package_identification:_identify(learning) by extensions ['colcon_meta']
[0.213s] Level 1:colcon.colcon_core.package_identification:_identify(learning) by extension 'colcon_meta'
[0.213s] Level 1:colcon.colcon_core.package_identification:_identify(learning) by extensions ['ros']
[0.213s] Level 1:colcon.colcon_core.package_identification:_identify(learning) by extension 'ros'
[0.213s] Level 1:colcon.colcon_core.package_identification:_identify(learning) by extensions ['cmake', 'python']
[0.213s] Level 1:colcon.colcon_core.package_identification:_identify(learning) by extension 'cmake'
[0.213s] Level 1:colcon.colcon_core.package_identification:_identify(learning) by extension 'python'
[0.213s] Level 1:colcon.colcon_core.package_identification:_identify(learning) by extensions ['python_setup_py']
[0.213s] Level 1:colcon.colcon_core.package_identification:_identify(learning) by extension 'python_setup_py'
[0.213s] Level 1:colcon.colcon_core.package_identification:_identify(learning/resources) by extensions ['ignore', 'ignore_ament_install']
[0.213s] Level 1:colcon.colcon_core.package_identification:_identify(learning/resources) by extension 'ignore'
[0.213s] Level 1:colcon.colcon_core.package_identification:_identify(learning/resources) by extension 'ignore_ament_install'
[0.213s] Level 1:colcon.colcon_core.package_identification:_identify(learning/resources) by extensions ['colcon_pkg']
[0.213s] Level 1:colcon.colcon_core.package_identification:_identify(learning/resources) by extension 'colcon_pkg'
[0.213s] Level 1:colcon.colcon_core.package_identification:_identify(learning/resources) by extensions ['colcon_meta']
[0.213s] Level 1:colcon.colcon_core.package_identification:_identify(learning/resources) by extension 'colcon_meta'
[0.213s] Level 1:colcon.colcon_core.package_identification:_identify(learning/resources) by extensions ['ros']
[0.213s] Level 1:colcon.colcon_core.package_identification:_identify(learning/resources) by extension 'ros'
[0.213s] Level 1:colcon.colcon_core.package_identification:_identify(learning/resources) by extensions ['cmake', 'python']
[0.213s] Level 1:colcon.colcon_core.package_identification:_identify(learning/resources) by extension 'cmake'
[0.213s] Level 1:colcon.colcon_core.package_identification:_identify(learning/resources) by extension 'python'
[0.213s] Level 1:colcon.colcon_core.package_identification:_identify(learning/resources) by extensions ['python_setup_py']
[0.213s] Level 1:colcon.colcon_core.package_identification:_identify(learning/resources) by extension 'python_setup_py'
[0.213s] Level 1:colcon.colcon_core.package_identification:_identify(learning/resources/arduinobot_meshes.zip) by extensions ['ignore', 'ignore_ament_install']
[0.213s] Level 1:colcon.colcon_core.package_identification:_identify(learning/resources/arduinobot_meshes.zip) by extension 'ignore'
[0.213s] Level 1:colcon.colcon_core.package_identification:_identify(learning/resources/arduinobot_meshes.zip) by extension 'ignore_ament_install'
[0.213s] Level 1:colcon.colcon_core.package_identification:_identify(learning/resources/arduinobot_meshes.zip) by extensions ['colcon_pkg']
[0.213s] Level 1:colcon.colcon_core.package_identification:_identify(learning/resources/arduinobot_meshes.zip) by extension 'colcon_pkg'
[0.214s] Level 1:colcon.colcon_core.package_identification:_identify(learning/resources/arduinobot_meshes.zip) by extensions ['colcon_meta']
[0.214s] Level 1:colcon.colcon_core.package_identification:_identify(learning/resources/arduinobot_meshes.zip) by extension 'colcon_meta'
[0.214s] Level 1:colcon.colcon_core.package_identification:_identify(learning/resources/arduinobot_meshes.zip) by extensions ['ros']
[0.214s] Level 1:colcon.colcon_core.package_identification:_identify(learning/resources/arduinobot_meshes.zip) by extension 'ros'
[0.214s] Level 1:colcon.colcon_core.package_identification:_identify(learning/resources/arduinobot_meshes.zip) by extensions ['cmake', 'python']
[0.214s] Level 1:colcon.colcon_core.package_identification:_identify(learning/resources/arduinobot_meshes.zip) by extension 'cmake'
[0.214s] Level 1:colcon.colcon_core.package_identification:_identify(learning/resources/arduinobot_meshes.zip) by extension 'python'
[0.214s] Level 1:colcon.colcon_core.package_identification:_identify(learning/resources/arduinobot_meshes.zip) by extensions ['python_setup_py']
[0.214s] Level 1:colcon.colcon_core.package_identification:_identify(learning/resources/arduinobot_meshes.zip) by extension 'python_setup_py'
[0.214s] Level 1:colcon.colcon_core.package_identification:_identify(learning/resources/arduinobot_meshes.zip/STL Gazebo) by extensions ['ignore', 'ignore_ament_install']
[0.214s] Level 1:colcon.colcon_core.package_identification:_identify(learning/resources/arduinobot_meshes.zip/STL Gazebo) by extension 'ignore'
[0.214s] Level 1:colcon.colcon_core.package_identification:_identify(learning/resources/arduinobot_meshes.zip/STL Gazebo) by extension 'ignore_ament_install'
[0.214s] Level 1:colcon.colcon_core.package_identification:_identify(learning/resources/arduinobot_meshes.zip/STL Gazebo) by extensions ['colcon_pkg']
[0.214s] Level 1:colcon.colcon_core.package_identification:_identify(learning/resources/arduinobot_meshes.zip/STL Gazebo) by extension 'colcon_pkg'
[0.214s] Level 1:colcon.colcon_core.package_identification:_identify(learning/resources/arduinobot_meshes.zip/STL Gazebo) by extensions ['colcon_meta']
[0.214s] Level 1:colcon.colcon_core.package_identification:_identify(learning/resources/arduinobot_meshes.zip/STL Gazebo) by extension 'colcon_meta'
[0.214s] Level 1:colcon.colcon_core.package_identification:_identify(learning/resources/arduinobot_meshes.zip/STL Gazebo) by extensions ['ros']
[0.214s] Level 1:colcon.colcon_core.package_identification:_identify(learning/resources/arduinobot_meshes.zip/STL Gazebo) by extension 'ros'
[0.214s] Level 1:colcon.colcon_core.package_identification:_identify(learning/resources/arduinobot_meshes.zip/STL Gazebo) by extensions ['cmake', 'python']
[0.214s] Level 1:colcon.colcon_core.package_identification:_identify(learning/resources/arduinobot_meshes.zip/STL Gazebo) by extension 'cmake'
[0.214s] Level 1:colcon.colcon_core.package_identification:_identify(learning/resources/arduinobot_meshes.zip/STL Gazebo) by extension 'python'
[0.214s] Level 1:colcon.colcon_core.package_identification:_identify(learning/resources/arduinobot_meshes.zip/STL Gazebo) by extensions ['python_setup_py']
[0.214s] Level 1:colcon.colcon_core.package_identification:_identify(learning/resources/arduinobot_meshes.zip/STL Gazebo) by extension 'python_setup_py'
[0.214s] Level 1:colcon.colcon_core.package_identification:_identify(log) by extensions ['ignore', 'ignore_ament_install']
[0.214s] Level 1:colcon.colcon_core.package_identification:_identify(log) by extension 'ignore'
[0.214s] Level 1:colcon.colcon_core.package_identification:_identify(log) ignored
[0.214s] Level 1:colcon.colcon_core.package_identification:_identify(src) by extensions ['ignore', 'ignore_ament_install']
[0.214s] Level 1:colcon.colcon_core.package_identification:_identify(src) by extension 'ignore'
[0.214s] Level 1:colcon.colcon_core.package_identification:_identify(src) by extension 'ignore_ament_install'
[0.214s] Level 1:colcon.colcon_core.package_identification:_identify(src) by extensions ['colcon_pkg']
[0.214s] Level 1:colcon.colcon_core.package_identification:_identify(src) by extension 'colcon_pkg'
[0.215s] Level 1:colcon.colcon_core.package_identification:_identify(src) by extensions ['colcon_meta']
[0.215s] Level 1:colcon.colcon_core.package_identification:_identify(src) by extension 'colcon_meta'
[0.215s] Level 1:colcon.colcon_core.package_identification:_identify(src) by extensions ['ros']
[0.215s] Level 1:colcon.colcon_core.package_identification:_identify(src) by extension 'ros'
[0.215s] Level 1:colcon.colcon_core.package_identification:_identify(src) by extensions ['cmake', 'python']
[0.215s] Level 1:colcon.colcon_core.package_identification:_identify(src) by extension 'cmake'
[0.215s] Level 1:colcon.colcon_core.package_identification:_identify(src) by extension 'python'
[0.215s] Level 1:colcon.colcon_core.package_identification:_identify(src) by extensions ['python_setup_py']
[0.215s] Level 1:colcon.colcon_core.package_identification:_identify(src) by extension 'python_setup_py'
[0.215s] Level 1:colcon.colcon_core.package_identification:_identify(src/arduinobot_description) by extensions ['ignore', 'ignore_ament_install']
[0.215s] Level 1:colcon.colcon_core.package_identification:_identify(src/arduinobot_description) by extension 'ignore'
[0.215s] Level 1:colcon.colcon_core.package_identification:_identify(src/arduinobot_description) by extension 'ignore_ament_install'
[0.215s] Level 1:colcon.colcon_core.package_identification:_identify(src/arduinobot_description) by extensions ['colcon_pkg']
[0.215s] Level 1:colcon.colcon_core.package_identification:_identify(src/arduinobot_description) by extension 'colcon_pkg'
[0.215s] Level 1:colcon.colcon_core.package_identification:_identify(src/arduinobot_description) by extensions ['colcon_meta']
[0.215s] Level 1:colcon.colcon_core.package_identification:_identify(src/arduinobot_description) by extension 'colcon_meta'
[0.215s] Level 1:colcon.colcon_core.package_identification:_identify(src/arduinobot_description) by extensions ['ros']
[0.215s] Level 1:colcon.colcon_core.package_identification:_identify(src/arduinobot_description) by extension 'ros'
[0.217s] DEBUG:colcon.colcon_core.package_identification:Package 'src/arduinobot_description' with type 'ros.ament_cmake' and name 'arduinobot_description'
[0.217s] Level 1:colcon.colcon_core.package_identification:_identify(src/examples) by extensions ['ignore', 'ignore_ament_install']
[0.217s] Level 1:colcon.colcon_core.package_identification:_identify(src/examples) by extension 'ignore'
[0.217s] Level 1:colcon.colcon_core.package_identification:_identify(src/examples) by extension 'ignore_ament_install'
[0.217s] Level 1:colcon.colcon_core.package_identification:_identify(src/examples) by extensions ['colcon_pkg']
[0.217s] Level 1:colcon.colcon_core.package_identification:_identify(src/examples) by extension 'colcon_pkg'
[0.217s] Level 1:colcon.colcon_core.package_identification:_identify(src/examples) by extensions ['colcon_meta']
[0.217s] Level 1:colcon.colcon_core.package_identification:_identify(src/examples) by extension 'colcon_meta'
[0.217s] Level 1:colcon.colcon_core.package_identification:_identify(src/examples) by extensions ['ros']
[0.217s] Level 1:colcon.colcon_core.package_identification:_identify(src/examples) by extension 'ros'
[0.218s] DEBUG:colcon.colcon_core.package_identification:Package 'src/examples' with type 'ros.ament_cmake' and name 'examples'
[0.218s] Level 1:colcon.colcon_core.package_discovery:discover_packages(recursive) using defaults
[0.218s] Level 1:colcon.colcon_core.package_discovery:discover_packages(ignore) discover
[0.218s] Level 1:colcon.colcon_core.package_discovery:discover_packages(ignore) using defaults
[0.218s] Level 1:colcon.colcon_core.package_discovery:discover_packages(path) discover
[0.218s] Level 1:colcon.colcon_core.package_discovery:discover_packages(path) using defaults
[0.244s] Level 1:colcon.colcon_core.package_discovery:discover_packages(prefix_path) check parameters
[0.244s] Level 1:colcon.colcon_core.package_discovery:discover_packages(prefix_path) discover
[0.247s] DEBUG:colcon.colcon_installed_package_information.package_discovery:Found 326 installed packages in /opt/ros/humble
[0.248s] Level 1:colcon.colcon_core.package_discovery:discover_packages(prefix_path) using defaults
[0.278s] Level 5:colcon.colcon_core.verb:set package 'arduinobot_description' build argument 'cmake_args' from command line to 'None'
[0.278s] Level 5:colcon.colcon_core.verb:set package 'arduinobot_description' build argument 'cmake_target' from command line to 'None'
[0.278s] Level 5:colcon.colcon_core.verb:set package 'arduinobot_description' build argument 'cmake_target_skip_unavailable' from command line to 'False'
[0.278s] Level 5:colcon.colcon_core.verb:set package 'arduinobot_description' build argument 'cmake_clean_cache' from command line to 'False'
[0.278s] Level 5:colcon.colcon_core.verb:set package 'arduinobot_description' build argument 'cmake_clean_first' from command line to 'False'
[0.278s] Level 5:colcon.colcon_core.verb:set package 'arduinobot_description' build argument 'cmake_force_configure' from command line to 'False'
[0.278s] Level 5:colcon.colcon_core.verb:set package 'arduinobot_description' build argument 'ament_cmake_args' from command line to 'None'
[0.278s] Level 5:colcon.colcon_core.verb:set package 'arduinobot_description' build argument 'catkin_cmake_args' from command line to 'None'
[0.278s] Level 5:colcon.colcon_core.verb:set package 'arduinobot_description' build argument 'catkin_skip_building_tests' from command line to 'False'
[0.278s] DEBUG:colcon.colcon_core.verb:Building package 'arduinobot_description' with the following arguments: {'ament_cmake_args': None, 'build_base': '/home/louise/Development/arduinobot_ws/build/arduinobot_description', 'catkin_cmake_args': None, 'catkin_skip_building_tests': False, 'cmake_args': None, 'cmake_clean_cache': False, 'cmake_clean_first': False, 'cmake_force_configure': False, 'cmake_target': None, 'cmake_target_skip_unavailable': False, 'install_base': '/home/louise/Development/arduinobot_ws/install/arduinobot_description', 'merge_install': False, 'path': '/home/louise/Development/arduinobot_ws/src/arduinobot_description', 'symlink_install': False, 'test_result_base': None}
[0.278s] Level 5:colcon.colcon_core.verb:set package 'examples' build argument 'cmake_args' from command line to 'None'
[0.278s] Level 5:colcon.colcon_core.verb:set package 'examples' build argument 'cmake_target' from command line to 'None'
[0.278s] Level 5:colcon.colcon_core.verb:set package 'examples' build argument 'cmake_target_skip_unavailable' from command line to 'False'
[0.278s] Level 5:colcon.colcon_core.verb:set package 'examples' build argument 'cmake_clean_cache' from command line to 'False'
[0.278s] Level 5:colcon.colcon_core.verb:set package 'examples' build argument 'cmake_clean_first' from command line to 'False'
[0.278s] Level 5:colcon.colcon_core.verb:set package 'examples' build argument 'cmake_force_configure' from command line to 'False'
[0.278s] Level 5:colcon.colcon_core.verb:set package 'examples' build argument 'ament_cmake_args' from command line to 'None'
[0.278s] Level 5:colcon.colcon_core.verb:set package 'examples' build argument 'catkin_cmake_args' from command line to 'None'
[0.279s] Level 5:colcon.colcon_core.verb:set package 'examples' build argument 'catkin_skip_building_tests' from command line to 'False'
[0.279s] DEBUG:colcon.colcon_core.verb:Building package 'examples' with the following arguments: {'ament_cmake_args': None, 'build_base': '/home/louise/Development/arduinobot_ws/build/examples', 'catkin_cmake_args': None, 'catkin_skip_building_tests': False, 'cmake_args': None, 'cmake_clean_cache': False, 'cmake_clean_first': False, 'cmake_force_configure': False, 'cmake_target': None, 'cmake_target_skip_unavailable': False, 'install_base': '/home/louise/Development/arduinobot_ws/install/examples', 'merge_install': False, 'path': '/home/louise/Development/arduinobot_ws/src/examples', 'symlink_install': False, 'test_result_base': None}
[0.279s] INFO:colcon.colcon_core.executor:Executing jobs using 'parallel' executor
[0.279s] DEBUG:colcon.colcon_parallel_executor.executor.parallel:run_until_complete
[0.280s] INFO:colcon.colcon_ros.task.ament_cmake.build:Building ROS package in '/home/louise/Development/arduinobot_ws/src/arduinobot_description' with build type 'ament_cmake'
[0.280s] INFO:colcon.colcon_cmake.task.cmake.build:Building CMake package in '/home/louise/Development/arduinobot_ws/src/arduinobot_description'
[0.283s] INFO:colcon.colcon_core.plugin_system:Skipping extension 'colcon_core.shell.bat': Not used on non-Windows systems
[0.283s] INFO:colcon.colcon_core.shell:Skip shell extension 'powershell' for command environment: Not usable outside of PowerShell
[0.283s] DEBUG:colcon.colcon_core.shell:Skip shell extension 'dsv' for command environment
[0.285s] INFO:colcon.colcon_ros.task.ament_cmake.build:Building ROS package in '/home/louise/Development/arduinobot_ws/src/examples' with build type 'ament_cmake'
[0.285s] INFO:colcon.colcon_cmake.task.cmake.build:Building CMake package in '/home/louise/Development/arduinobot_ws/src/examples'
[0.286s] INFO:colcon.colcon_core.shell:Skip shell extension 'powershell' for command environment: Not usable outside of PowerShell
[0.286s] DEBUG:colcon.colcon_core.shell:Skip shell extension 'dsv' for command environment
[0.290s] DEBUG:colcon.colcon_core.event_handler.log_command:Invoking command in '/home/louise/Development/arduinobot_ws/build/arduinobot_description': CMAKE_PREFIX_PATH=/opt/ros/humble /usr/bin/cmake --build /home/louise/Development/arduinobot_ws/build/arduinobot_description -- -j8 -l8
[0.295s] DEBUG:colcon.colcon_core.event_handler.log_command:Invoking command in '/home/louise/Development/arduinobot_ws/build/examples': CMAKE_PREFIX_PATH=/opt/ros/humble /usr/bin/cmake --build /home/louise/Development/arduinobot_ws/build/examples -- -j8 -l8
[0.360s] DEBUG:colcon.colcon_core.event_handler.log_command:Invoked command in '/home/louise/Development/arduinobot_ws/build/examples' returned '0': CMAKE_PREFIX_PATH=/opt/ros/humble /usr/bin/cmake --build /home/louise/Development/arduinobot_ws/build/examples -- -j8 -l8
[0.367s] DEBUG:colcon.colcon_core.event_handler.log_command:Invoking command in '/home/louise/Development/arduinobot_ws/build/examples': CMAKE_PREFIX_PATH=/opt/ros/humble /usr/bin/cmake --install /home/louise/Development/arduinobot_ws/build/examples
[0.375s] Level 1:colcon.colcon_core.environment:create_environment_scripts_only(examples)
[0.376s] DEBUG:colcon.colcon_core.event_handler.log_command:Invoked command in '/home/louise/Development/arduinobot_ws/build/examples' returned '0': CMAKE_PREFIX_PATH=/opt/ros/humble /usr/bin/cmake --install /home/louise/Development/arduinobot_ws/build/examples
[0.379s] Level 1:colcon.colcon_core.environment:checking '/home/louise/Development/arduinobot_ws/install/examples' for CMake module files
[0.380s] Level 1:colcon.colcon_core.environment:checking '/home/louise/Development/arduinobot_ws/install/examples' for CMake config files
[0.380s] Level 1:colcon.colcon_core.shell:create_environment_hook('examples', 'cmake_prefix_path')
[0.380s] INFO:colcon.colcon_core.shell:Creating environment hook '/home/louise/Development/arduinobot_ws/install/examples/share/examples/hook/cmake_prefix_path.ps1'
[0.381s] INFO:colcon.colcon_core.shell:Creating environment descriptor '/home/louise/Development/arduinobot_ws/install/examples/share/examples/hook/cmake_prefix_path.dsv'
[0.382s] INFO:colcon.colcon_core.shell:Creating environment hook '/home/louise/Development/arduinobot_ws/install/examples/share/examples/hook/cmake_prefix_path.sh'
[0.383s] Level 1:colcon.colcon_core.environment:checking '/home/louise/Development/arduinobot_ws/install/examples/lib'
[0.383s] Level 1:colcon.colcon_core.environment:checking '/home/louise/Development/arduinobot_ws/install/examples/bin'
[0.383s] Level 1:colcon.colcon_core.environment:checking '/home/louise/Development/arduinobot_ws/install/examples/lib/pkgconfig/examples.pc'
[0.383s] Level 1:colcon.colcon_core.environment:checking '/home/louise/Development/arduinobot_ws/install/examples/lib/python3.10/site-packages'
[0.383s] Level 1:colcon.colcon_core.environment:checking '/home/louise/Development/arduinobot_ws/install/examples/bin'
[0.383s] INFO:colcon.colcon_core.shell:Creating package script '/home/louise/Development/arduinobot_ws/install/examples/share/examples/package.ps1'
[0.384s] INFO:colcon.colcon_core.shell:Creating package descriptor '/home/louise/Development/arduinobot_ws/install/examples/share/examples/package.dsv'
[0.384s] INFO:colcon.colcon_core.shell:Creating package script '/home/louise/Development/arduinobot_ws/install/examples/share/examples/package.sh'
[0.385s] INFO:colcon.colcon_core.shell:Creating package script '/home/louise/Development/arduinobot_ws/install/examples/share/examples/package.bash'
[0.386s] INFO:colcon.colcon_core.shell:Creating package script '/home/louise/Development/arduinobot_ws/install/examples/share/examples/package.zsh'
[0.386s] Level 1:colcon.colcon_core.environment:create_file_with_runtime_dependencies(/home/louise/Development/arduinobot_ws/install/examples/share/colcon-core/packages/examples)
[0.387s] Level 1:colcon.colcon_core.environment:create_environment_scripts_only(examples)
[0.387s] Level 1:colcon.colcon_core.environment:checking '/home/louise/Development/arduinobot_ws/install/examples' for CMake module files
[0.387s] Level 1:colcon.colcon_core.environment:checking '/home/louise/Development/arduinobot_ws/install/examples' for CMake config files
[0.387s] Level 1:colcon.colcon_core.shell:create_environment_hook('examples', 'cmake_prefix_path')
[0.388s] INFO:colcon.colcon_core.shell:Creating environment hook '/home/louise/Development/arduinobot_ws/install/examples/share/examples/hook/cmake_prefix_path.ps1'
[0.388s] INFO:colcon.colcon_core.shell:Creating environment descriptor '/home/louise/Development/arduinobot_ws/install/examples/share/examples/hook/cmake_prefix_path.dsv'
[0.388s] INFO:colcon.colcon_core.shell:Creating environment hook '/home/louise/Development/arduinobot_ws/install/examples/share/examples/hook/cmake_prefix_path.sh'
[0.389s] Level 1:colcon.colcon_core.environment:checking '/home/louise/Development/arduinobot_ws/install/examples/lib'
[0.389s] Level 1:colcon.colcon_core.environment:checking '/home/louise/Development/arduinobot_ws/install/examples/bin'
[0.389s] Level 1:colcon.colcon_core.environment:checking '/home/louise/Development/arduinobot_ws/install/examples/lib/pkgconfig/examples.pc'
[0.389s] Level 1:colcon.colcon_core.environment:checking '/home/louise/Development/arduinobot_ws/install/examples/lib/python3.10/site-packages'
[0.389s] Level 1:colcon.colcon_core.environment:checking '/home/louise/Development/arduinobot_ws/install/examples/bin'
[0.389s] INFO:colcon.colcon_core.shell:Creating package script '/home/louise/Development/arduinobot_ws/install/examples/share/examples/package.ps1'
[0.390s] INFO:colcon.colcon_core.shell:Creating package descriptor '/home/louise/Development/arduinobot_ws/install/examples/share/examples/package.dsv'
[0.390s] INFO:colcon.colcon_core.shell:Creating package script '/home/louise/Development/arduinobot_ws/install/examples/share/examples/package.sh'
[0.390s] INFO:colcon.colcon_core.shell:Creating package script '/home/louise/Development/arduinobot_ws/install/examples/share/examples/package.bash'
[0.391s] INFO:colcon.colcon_core.shell:Creating package script '/home/louise/Development/arduinobot_ws/install/examples/share/examples/package.zsh'
[0.391s] Level 1:colcon.colcon_core.environment:create_file_with_runtime_dependencies(/home/louise/Development/arduinobot_ws/install/examples/share/colcon-core/packages/examples)
[0.501s] DEBUG:colcon.colcon_core.event_handler.log_command:Invoked command in '/home/louise/Development/arduinobot_ws/build/arduinobot_description' returned '0': CMAKE_PREFIX_PATH=/opt/ros/humble /usr/bin/cmake --build /home/louise/Development/arduinobot_ws/build/arduinobot_description -- -j8 -l8
[0.503s] DEBUG:colcon.colcon_core.event_handler.log_command:Invoking command in '/home/louise/Development/arduinobot_ws/build/arduinobot_description': CMAKE_PREFIX_PATH=/opt/ros/humble /usr/bin/cmake --install /home/louise/Development/arduinobot_ws/build/arduinobot_description
[0.510s] Level 1:colcon.colcon_core.environment:create_environment_scripts_only(arduinobot_description)
[0.511s] Level 1:colcon.colcon_core.environment:checking '/home/louise/Development/arduinobot_ws/install/arduinobot_description' for CMake module files
[0.511s] DEBUG:colcon.colcon_core.event_handler.log_command:Invoked command in '/home/louise/Development/arduinobot_ws/build/arduinobot_description' returned '0': CMAKE_PREFIX_PATH=/opt/ros/humble /usr/bin/cmake --install /home/louise/Development/arduinobot_ws/build/arduinobot_description
[0.511s] Level 1:colcon.colcon_core.environment:checking '/home/louise/Development/arduinobot_ws/install/arduinobot_description' for CMake config files
[0.511s] Level 1:colcon.colcon_core.shell:create_environment_hook('arduinobot_description', 'cmake_prefix_path')
[0.512s] INFO:colcon.colcon_core.shell:Creating environment hook '/home/louise/Development/arduinobot_ws/install/arduinobot_description/share/arduinobot_description/hook/cmake_prefix_path.ps1'
[0.512s] INFO:colcon.colcon_core.shell:Creating environment descriptor '/home/louise/Development/arduinobot_ws/install/arduinobot_description/share/arduinobot_description/hook/cmake_prefix_path.dsv'
[0.512s] INFO:colcon.colcon_core.shell:Creating environment hook '/home/louise/Development/arduinobot_ws/install/arduinobot_description/share/arduinobot_description/hook/cmake_prefix_path.sh'
[0.513s] Level 1:colcon.colcon_core.environment:checking '/home/louise/Development/arduinobot_ws/install/arduinobot_description/lib'
[0.513s] Level 1:colcon.colcon_core.environment:checking '/home/louise/Development/arduinobot_ws/install/arduinobot_description/bin'
[0.513s] Level 1:colcon.colcon_core.environment:checking '/home/louise/Development/arduinobot_ws/install/arduinobot_description/lib/pkgconfig/arduinobot_description.pc'
[0.513s] Level 1:colcon.colcon_core.environment:checking '/home/louise/Development/arduinobot_ws/install/arduinobot_description/lib/python3.10/site-packages'
[0.513s] Level 1:colcon.colcon_core.environment:checking '/home/louise/Development/arduinobot_ws/install/arduinobot_description/bin'
[0.513s] INFO:colcon.colcon_core.shell:Creating package script '/home/louise/Development/arduinobot_ws/install/arduinobot_description/share/arduinobot_description/package.ps1'
[0.513s] INFO:colcon.colcon_core.shell:Creating package descriptor '/home/louise/Development/arduinobot_ws/install/arduinobot_description/share/arduinobot_description/package.dsv'
[0.514s] INFO:colcon.colcon_core.shell:Creating package script '/home/louise/Development/arduinobot_ws/install/arduinobot_description/share/arduinobot_description/package.sh'
[0.514s] INFO:colcon.colcon_core.shell:Creating package script '/home/louise/Development/arduinobot_ws/install/arduinobot_description/share/arduinobot_description/package.bash'
[0.514s] INFO:colcon.colcon_core.shell:Creating package script '/home/louise/Development/arduinobot_ws/install/arduinobot_description/share/arduinobot_description/package.zsh'
[0.514s] Level 1:colcon.colcon_core.environment:create_file_with_runtime_dependencies(/home/louise/Development/arduinobot_ws/install/arduinobot_description/share/colcon-core/packages/arduinobot_description)
[0.515s] Level 1:colcon.colcon_core.environment:create_environment_scripts_only(arduinobot_description)
[0.515s] Level 1:colcon.colcon_core.environment:checking '/home/louise/Development/arduinobot_ws/install/arduinobot_description' for CMake module files
[0.515s] Level 1:colcon.colcon_core.environment:checking '/home/louise/Development/arduinobot_ws/install/arduinobot_description' for CMake config files
[0.515s] Level 1:colcon.colcon_core.shell:create_environment_hook('arduinobot_description', 'cmake_prefix_path')
[0.515s] INFO:colcon.colcon_core.shell:Creating environment hook '/home/louise/Development/arduinobot_ws/install/arduinobot_description/share/arduinobot_description/hook/cmake_prefix_path.ps1'
[0.515s] INFO:colcon.colcon_core.shell:Creating environment descriptor '/home/louise/Development/arduinobot_ws/install/arduinobot_description/share/arduinobot_description/hook/cmake_prefix_path.dsv'
[0.516s] INFO:colcon.colcon_core.shell:Creating environment hook '/home/louise/Development/arduinobot_ws/install/arduinobot_description/share/arduinobot_description/hook/cmake_prefix_path.sh'
[0.516s] Level 1:colcon.colcon_core.environment:checking '/home/louise/Development/arduinobot_ws/install/arduinobot_description/lib'
[0.516s] Level 1:colcon.colcon_core.environment:checking '/home/louise/Development/arduinobot_ws/install/arduinobot_description/bin'
[0.516s] Level 1:colcon.colcon_core.environment:checking '/home/louise/Development/arduinobot_ws/install/arduinobot_description/lib/pkgconfig/arduinobot_description.pc'
[0.516s] Level 1:colcon.colcon_core.environment:checking '/home/louise/Development/arduinobot_ws/install/arduinobot_description/lib/python3.10/site-packages'
[0.516s] Level 1:colcon.colcon_core.environment:checking '/home/louise/Development/arduinobot_ws/install/arduinobot_description/bin'
[0.517s] INFO:colcon.colcon_core.shell:Creating package script '/home/louise/Development/arduinobot_ws/install/arduinobot_description/share/arduinobot_description/package.ps1'
[0.517s] INFO:colcon.colcon_core.shell:Creating package descriptor '/home/louise/Development/arduinobot_ws/install/arduinobot_description/share/arduinobot_description/package.dsv'
[0.517s] INFO:colcon.colcon_core.shell:Creating package script '/home/louise/Development/arduinobot_ws/install/arduinobot_description/share/arduinobot_description/package.sh'
[0.517s] INFO:colcon.colcon_core.shell:Creating package script '/home/louise/Development/arduinobot_ws/install/arduinobot_description/share/arduinobot_description/package.bash'
[0.518s] INFO:colcon.colcon_core.shell:Creating package script '/home/louise/Development/arduinobot_ws/install/arduinobot_description/share/arduinobot_description/package.zsh'
[0.518s] Level 1:colcon.colcon_core.environment:create_file_with_runtime_dependencies(/home/louise/Development/arduinobot_ws/install/arduinobot_description/share/colcon-core/packages/arduinobot_description)
[0.518s] DEBUG:colcon.colcon_parallel_executor.executor.parallel:closing loop
[0.518s] DEBUG:colcon.colcon_parallel_executor.executor.parallel:loop closed
[0.518s] DEBUG:colcon.colcon_parallel_executor.executor.parallel:run_until_complete finished with '0'
[0.518s] DEBUG:colcon.colcon_core.event_reactor:joining thread
[0.522s] INFO:colcon.colcon_core.plugin_system:Skipping extension 'colcon_notification.desktop_notification.terminal_notifier': Not used on non-Darwin systems
[0.522s] INFO:colcon.colcon_core.plugin_system:Skipping extension 'colcon_notification.desktop_notification.win32': Not used on non-Windows systems
[0.522s] INFO:colcon.colcon_notification.desktop_notification:Sending desktop notification using 'notify2'
[0.533s] DEBUG:colcon.colcon_core.event_reactor:joined thread
[0.533s] INFO:colcon.colcon_core.shell:Creating prefix script '/home/louise/Development/arduinobot_ws/install/local_setup.ps1'
[0.534s] INFO:colcon.colcon_core.shell:Creating prefix util module '/home/louise/Development/arduinobot_ws/install/_local_setup_util_ps1.py'
[0.535s] INFO:colcon.colcon_core.shell:Creating prefix chain script '/home/louise/Development/arduinobot_ws/install/setup.ps1'
[0.536s] INFO:colcon.colcon_core.shell:Creating prefix script '/home/louise/Development/arduinobot_ws/install/local_setup.sh'
[0.536s] INFO:colcon.colcon_core.shell:Creating prefix util module '/home/louise/Development/arduinobot_ws/install/_local_setup_util_sh.py'
[0.537s] INFO:colcon.colcon_core.shell:Creating prefix chain script '/home/louise/Development/arduinobot_ws/install/setup.sh'
[0.537s] INFO:colcon.colcon_core.shell:Creating prefix script '/home/louise/Development/arduinobot_ws/install/local_setup.bash'
[0.538s] INFO:colcon.colcon_core.shell:Creating prefix chain script '/home/louise/Development/arduinobot_ws/install/setup.bash'
[0.539s] INFO:colcon.colcon_core.shell:Creating prefix script '/home/louise/Development/arduinobot_ws/install/local_setup.zsh'
[0.539s] INFO:colcon.colcon_core.shell:Creating prefix chain script '/home/louise/Development/arduinobot_ws/install/setup.zsh'
